{"meta": {"format": 3, "version": "7.13.3", "timestamp": "2026-02-05T09:25:30.394355", "branch_coverage": false, "show_contexts": false}, "files": {"src/fairway/__init__.py": {"executed_lines": [], "summary": {"covered_lines": 0, "num_statements": 0, "percent_covered": 100.0, "percent_covered_display": "100", "missing_lines": 0, "excluded_lines": 0, "percent_statements_covered": 100.0, "percent_statements_covered_display": "100"}, "missing_lines": [], "excluded_lines": [], "functions": {"": {"executed_lines": [], "summary": {"covered_lines": 0, "num_statements": 0, "percent_covered": 100.0, "percent_covered_display": "100", "missing_lines": 0, "excluded_lines": 0, "percent_statements_covered": 100.0, "percent_statements_covered_display": "100"}, "missing_lines": [], "excluded_lines": [], "start_line": 1}}, "classes": {"": {"executed_lines": [], "summary": {"covered_lines": 0, "num_statements": 0, "percent_covered": 100.0, "percent_covered_display": "100", "missing_lines": 0, "excluded_lines": 0, "percent_statements_covered": 100.0, "percent_statements_covered_display": "100"}, "missing_lines": [], "excluded_lines": [], "start_line": 1}}}, "src/fairway/cli.py": {"executed_lines": [1, 2, 3, 4, 5, 6, 7, 10, 35, 65, 66, 68, 70, 71, 72, 73, 166, 167, 168, 169, 170, 175, 176, 177, 178, 179, 180, 182, 183, 184, 185, 186, 187, 188, 189, 384, 385, 387, 389, 390, 391, 392, 393, 394, 395, 396, 398, 401, 402, 403, 408, 409, 410, 411, 412, 413, 415, 416, 425, 426, 427, 429, 430, 432, 433, 434, 436, 437, 438, 439, 440, 446, 447, 450, 454, 456, 462, 463, 464, 465, 467, 468, 494, 495, 496, 500, 501, 503, 504, 505, 506, 508, 509, 511, 512, 513, 514, 515, 521, 522, 524, 525, 526, 527, 533, 539, 540, 541, 542, 543, 590, 591, 592, 593, 596, 597, 599, 600, 601, 602, 603, 605, 606, 607, 608, 610, 612, 616, 617, 618, 619, 621, 622, 629, 630, 631, 632, 634, 635, 636, 638, 639, 640, 641, 643, 644, 645, 649, 650, 651, 659, 660, 661, 662, 663, 664, 665, 666, 667, 668, 814, 815, 837, 838, 843, 844, 845, 872], "summary": {"covered_lines": 168, "num_statements": 501, "percent_covered": 33.532934131736525, "percent_covered_display": "34", "missing_lines": 333, "excluded_lines": 0, "percent_statements_covered": 33.532934131736525, "percent_statements_covered_display": "34"}, "missing_lines": [16, 17, 18, 21, 26, 27, 28, 29, 31, 37, 40, 41, 42, 43, 44, 45, 46, 49, 50, 51, 52, 53, 54, 55, 59, 60, 62, 75, 77, 88, 89, 90, 93, 94, 95, 97, 98, 99, 102, 103, 104, 105, 108, 109, 110, 115, 116, 117, 122, 123, 124, 128, 133, 134, 135, 138, 139, 140, 141, 142, 144, 145, 146, 147, 149, 150, 151, 152, 155, 159, 160, 161, 163, 172, 173, 196, 197, 198, 209, 210, 211, 212, 213, 215, 216, 219, 220, 221, 222, 223, 224, 229, 230, 231, 233, 234, 237, 238, 240, 242, 244, 245, 247, 248, 251, 253, 254, 259, 260, 261, 266, 267, 268, 269, 270, 272, 273, 274, 275, 277, 278, 279, 280, 281, 283, 289, 290, 292, 293, 294, 295, 297, 298, 299, 300, 302, 303, 304, 307, 309, 310, 311, 313, 314, 315, 318, 319, 321, 322, 323, 324, 325, 328, 330, 331, 332, 333, 334, 335, 336, 337, 338, 339, 341, 343, 344, 346, 347, 349, 351, 353, 354, 355, 356, 357, 359, 361, 362, 363, 364, 366, 367, 368, 369, 371, 373, 374, 375, 377, 378, 379, 381, 382, 404, 405, 451, 452, 457, 458, 459, 460, 470, 471, 472, 474, 477, 478, 479, 482, 483, 484, 487, 488, 489, 490, 491, 516, 517, 518, 519, 528, 529, 530, 531, 545, 548, 549, 550, 551, 552, 554, 555, 557, 559, 560, 561, 562, 565, 566, 567, 568, 573, 575, 577, 578, 579, 580, 582, 584, 585, 586, 587, 588, 613, 623, 624, 625, 626, 647, 652, 653, 654, 655, 688, 689, 692, 693, 694, 697, 698, 699, 700, 701, 704, 707, 708, 762, 783, 784, 785, 786, 787, 788, 791, 794, 795, 796, 798, 799, 800, 801, 802, 803, 805, 806, 807, 808, 809, 811, 817, 818, 820, 821, 822, 824, 825, 827, 828, 829, 830, 831, 832, 833, 834, 840, 847, 849, 850, 851, 854, 855, 856, 857, 858, 859, 860, 862, 864, 865, 866, 868, 869, 873], "excluded_lines": [], "functions": {"discover_config": {"executed_lines": [], "summary": {"covered_lines": 0, "num_statements": 9, "percent_covered": 0.0, "percent_covered_display": "0", "missing_lines": 9, "excluded_lines": 0, "percent_statements_covered": 0.0, "percent_statements_covered_display": "0"}, "missing_lines": [16, 17, 18, 21, 26, 27, 28, 29, 31], "excluded_lines": [], "start_line": 10}, "_get_apptainer_binds": {"executed_lines": [], "summary": {"covered_lines": 0, "num_statements": 18, "percent_covered": 0.0, "percent_covered_display": "0", "missing_lines": 18, "excluded_lines": 0, "percent_statements_covered": 0.0, "percent_statements_covered_display": "0"}, "missing_lines": [37, 40, 41, 42, 43, 44, 45, 46, 49, 50, 51, 52, 53, 54, 55, 59, 60, 62], "excluded_lines": [], "start_line": 35}, "main": {"executed_lines": [68], "summary": {"covered_lines": 1, "num_statements": 1, "percent_covered": 100.0, "percent_covered_display": "100", "missing_lines": 0, "excluded_lines": 0, "percent_statements_covered": 100.0, "percent_statements_covered_display": "100"}, "missing_lines": [], "excluded_lines": [], "start_line": 66}, "init": {"executed_lines": [], "summary": {"covered_lines": 0, "num_statements": 46, "percent_covered": 0.0, "percent_covered_display": "0", "missing_lines": 46, "excluded_lines": 0, "percent_statements_covered": 0.0, "percent_statements_covered_display": "0"}, "missing_lines": [75, 77, 88, 89, 90, 93, 94, 95, 97, 98, 99, 102, 103, 104, 105, 108, 109, 110, 115, 116, 117, 122, 123, 124, 128, 133, 134, 135, 138, 139, 140, 141, 142, 144, 145, 146, 147, 149, 150, 151, 152, 155, 159, 160, 161, 163], "excluded_lines": [], "start_line": 73}, "generate_data": {"executed_lines": [], "summary": {"covered_lines": 0, "num_statements": 2, "percent_covered": 0.0, "percent_covered_display": "0", "missing_lines": 2, "excluded_lines": 0, "percent_statements_covered": 0.0, "percent_statements_covered_display": "0"}, "missing_lines": [172, 173], "excluded_lines": [], "start_line": 170}, "generate_schema": {"executed_lines": [], "summary": {"covered_lines": 0, "num_statements": 118, "percent_covered": 0.0, "percent_covered_display": "0", "missing_lines": 118, "excluded_lines": 0, "percent_statements_covered": 0.0, "percent_statements_covered_display": "0"}, "missing_lines": [196, 197, 198, 209, 210, 211, 212, 213, 215, 216, 219, 220, 221, 222, 223, 224, 229, 230, 231, 233, 234, 237, 238, 240, 242, 244, 245, 247, 248, 251, 253, 254, 259, 260, 261, 266, 267, 268, 269, 270, 272, 273, 274, 275, 277, 278, 279, 280, 281, 283, 289, 290, 292, 293, 294, 295, 297, 298, 299, 300, 302, 303, 304, 307, 309, 310, 311, 313, 314, 315, 318, 319, 321, 322, 323, 324, 325, 328, 330, 331, 332, 333, 334, 335, 336, 337, 338, 339, 341, 343, 344, 346, 347, 349, 351, 353, 354, 355, 356, 357, 359, 361, 362, 363, 364, 366, 367, 368, 369, 371, 373, 374, 375, 377, 378, 379, 381, 382], "excluded_lines": [], "start_line": 189}, "spark": {"executed_lines": [387], "summary": {"covered_lines": 1, "num_statements": 1, "percent_covered": 100.0, "percent_covered_display": "100", "missing_lines": 0, "excluded_lines": 0, "percent_statements_covered": 100.0, "percent_statements_covered_display": "100"}, "missing_lines": [], "excluded_lines": [], "start_line": 385}, "start": {"executed_lines": [398, 401, 402, 403, 408, 409, 410, 411, 412, 413, 415, 416, 425, 426, 427], "summary": {"covered_lines": 15, "num_statements": 17, "percent_covered": 88.23529411764706, "percent_covered_display": "88", "missing_lines": 2, "excluded_lines": 0, "percent_statements_covered": 88.23529411764706, "percent_statements_covered_display": "88"}, "missing_lines": [404, 405], "excluded_lines": [], "start_line": 396}, "stop": {"executed_lines": [432, 433, 434], "summary": {"covered_lines": 3, "num_statements": 3, "percent_covered": 100.0, "percent_covered_display": "100", "missing_lines": 0, "excluded_lines": 0, "percent_statements_covered": 100.0, "percent_statements_covered_display": "100"}, "missing_lines": [], "excluded_lines": [], "start_line": 430}, "run": {"executed_lines": [446, 447, 450, 454, 456, 462, 463, 464, 465], "summary": {"covered_lines": 9, "num_statements": 15, "percent_covered": 60.0, "percent_covered_display": "60", "missing_lines": 6, "excluded_lines": 0, "percent_statements_covered": 60.0, "percent_statements_covered_display": "60"}, "missing_lines": [451, 452, 457, 458, 459, 460], "excluded_lines": [], "start_line": 440}, "eject": {"executed_lines": [], "summary": {"covered_lines": 0, "num_statements": 15, "percent_covered": 0.0, "percent_covered_display": "0", "missing_lines": 15, "excluded_lines": 0, "percent_statements_covered": 0.0, "percent_statements_covered_display": "0"}, "missing_lines": [470, 471, 472, 474, 477, 478, 479, 482, 483, 484, 487, 488, 489, 490, 491], "excluded_lines": [], "start_line": 468}, "build": {"executed_lines": [500, 501, 503, 504, 505, 506, 508, 509, 511, 512, 513, 514, 515, 521, 522, 524, 525, 526, 527, 533], "summary": {"covered_lines": 20, "num_statements": 28, "percent_covered": 71.42857142857143, "percent_covered_display": "71", "missing_lines": 8, "excluded_lines": 0, "percent_statements_covered": 71.42857142857143, "percent_statements_covered_display": "71"}, "missing_lines": [516, 517, 518, 519, 528, 529, 530, 531], "excluded_lines": [], "start_line": 496}, "shell": {"executed_lines": [], "summary": {"covered_lines": 0, "num_statements": 29, "percent_covered": 0.0, "percent_covered_display": "0", "missing_lines": 29, "excluded_lines": 0, "percent_statements_covered": 0.0, "percent_statements_covered_display": "0"}, "missing_lines": [545, 548, 549, 550, 551, 552, 554, 555, 557, 559, 560, 561, 562, 565, 566, 567, 568, 573, 575, 577, 578, 579, 580, 582, 584, 585, 586, 587, 588], "excluded_lines": [], "start_line": 543}, "status": {"executed_lines": [596, 597, 599, 600, 601, 602, 603, 605, 606, 607, 608, 610, 612, 616, 617, 618, 619, 621, 622], "summary": {"covered_lines": 19, "num_statements": 24, "percent_covered": 79.16666666666667, "percent_covered_display": "79", "missing_lines": 5, "excluded_lines": 0, "percent_statements_covered": 79.16666666666667, "percent_statements_covered_display": "79"}, "missing_lines": [613, 623, 624, 625, 626], "excluded_lines": [], "start_line": 593}, "cancel": {"executed_lines": [634, 635, 636, 638, 639, 640, 641, 643, 644, 645, 649, 650, 651], "summary": {"covered_lines": 13, "num_statements": 18, "percent_covered": 72.22222222222223, "percent_covered_display": "72", "missing_lines": 5, "excluded_lines": 0, "percent_statements_covered": 72.22222222222223, "percent_statements_covered_display": "72"}, "missing_lines": [647, 652, 653, 654, 655], "excluded_lines": [], "start_line": 632}, "submit": {"executed_lines": [], "summary": {"covered_lines": 0, "num_statements": 36, "percent_covered": 0.0, "percent_covered_display": "0", "missing_lines": 36, "excluded_lines": 0, "percent_statements_covered": 0.0, "percent_statements_covered_display": "0"}, "missing_lines": [688, 689, 692, 693, 694, 697, 698, 699, 700, 701, 704, 707, 708, 762, 783, 784, 785, 786, 787, 788, 791, 794, 795, 796, 798, 799, 800, 801, 802, 803, 805, 806, 807, 808, 809, 811], "excluded_lines": [], "start_line": 668}, "pull": {"executed_lines": [], "summary": {"covered_lines": 0, "num_statements": 15, "percent_covered": 0.0, "percent_covered_display": "0", "missing_lines": 15, "excluded_lines": 0, "percent_statements_covered": 0.0, "percent_statements_covered_display": "0"}, "missing_lines": [817, 818, 820, 821, 822, 824, 825, 827, 828, 829, 830, 831, 832, 833, 834], "excluded_lines": [], "start_line": 815}, "cache": {"executed_lines": [], "summary": {"covered_lines": 0, "num_statements": 1, "percent_covered": 0.0, "percent_covered_display": "0", "missing_lines": 1, "excluded_lines": 0, "percent_statements_covered": 0.0, "percent_statements_covered_display": "0"}, "missing_lines": [840], "excluded_lines": [], "start_line": 838}, "clean": {"executed_lines": [], "summary": {"covered_lines": 0, "num_statements": 17, "percent_covered": 0.0, "percent_covered_display": "0", "missing_lines": 17, "excluded_lines": 0, "percent_statements_covered": 0.0, "percent_statements_covered_display": "0"}, "missing_lines": [847, 849, 850, 851, 854, 855, 856, 857, 858, 859, 860, 862, 864, 865, 866, 868, 869], "excluded_lines": [], "start_line": 845}, "": {"executed_lines": [1, 2, 3, 4, 5, 6, 7, 10, 35, 65, 66, 70, 71, 72, 73, 166, 167, 168, 169, 170, 175, 176, 177, 178, 179, 180, 182, 183, 184, 185, 186, 187, 188, 189, 384, 385, 389, 390, 391, 392, 393, 394, 395, 396, 429, 430, 436, 437, 438, 439, 440, 467, 468, 494, 495, 496, 539, 540, 541, 542, 543, 590, 591, 592, 593, 629, 630, 631, 632, 659, 660, 661, 662, 663, 664, 665, 666, 667, 668, 814, 815, 837, 838, 843, 844, 845, 872], "summary": {"covered_lines": 87, "num_statements": 88, "percent_covered": 98.86363636363636, "percent_covered_display": "99", "missing_lines": 1, "excluded_lines": 0, "percent_statements_covered": 98.86363636363636, "percent_statements_covered_display": "99"}, "missing_lines": [873], "excluded_lines": [], "start_line": 1}}, "classes": {"": {"executed_lines": [1, 2, 3, 4, 5, 6, 7, 10, 35, 65, 66, 68, 70, 71, 72, 73, 166, 167, 168, 169, 170, 175, 176, 177, 178, 179, 180, 182, 183, 184, 185, 186, 187, 188, 189, 384, 385, 387, 389, 390, 391, 392, 393, 394, 395, 396, 398, 401, 402, 403, 408, 409, 410, 411, 412, 413, 415, 416, 425, 426, 427, 429, 430, 432, 433, 434, 436, 437, 438, 439, 440, 446, 447, 450, 454, 456, 462, 463, 464, 465, 467, 468, 494, 495, 496, 500, 501, 503, 504, 505, 506, 508, 509, 511, 512, 513, 514, 515, 521, 522, 524, 525, 526, 527, 533, 539, 540, 541, 542, 543, 590, 591, 592, 593, 596, 597, 599, 600, 601, 602, 603, 605, 606, 607, 608, 610, 612, 616, 617, 618, 619, 621, 622, 629, 630, 631, 632, 634, 635, 636, 638, 639, 640, 641, 643, 644, 645, 649, 650, 651, 659, 660, 661, 662, 663, 664, 665, 666, 667, 668, 814, 815, 837, 838, 843, 844, 845, 872], "summary": {"covered_lines": 168, "num_statements": 501, "percent_covered": 33.532934131736525, "percent_covered_display": "34", "missing_lines": 333, "excluded_lines": 0, "percent_statements_covered": 33.532934131736525, "percent_statements_covered_display": "34"}, "missing_lines": [16, 17, 18, 21, 26, 27, 28, 29, 31, 37, 40, 41, 42, 43, 44, 45, 46, 49, 50, 51, 52, 53, 54, 55, 59, 60, 62, 75, 77, 88, 89, 90, 93, 94, 95, 97, 98, 99, 102, 103, 104, 105, 108, 109, 110, 115, 116, 117, 122, 123, 124, 128, 133, 134, 135, 138, 139, 140, 141, 142, 144, 145, 146, 147, 149, 150, 151, 152, 155, 159, 160, 161, 163, 172, 173, 196, 197, 198, 209, 210, 211, 212, 213, 215, 216, 219, 220, 221, 222, 223, 224, 229, 230, 231, 233, 234, 237, 238, 240, 242, 244, 245, 247, 248, 251, 253, 254, 259, 260, 261, 266, 267, 268, 269, 270, 272, 273, 274, 275, 277, 278, 279, 280, 281, 283, 289, 290, 292, 293, 294, 295, 297, 298, 299, 300, 302, 303, 304, 307, 309, 310, 311, 313, 314, 315, 318, 319, 321, 322, 323, 324, 325, 328, 330, 331, 332, 333, 334, 335, 336, 337, 338, 339, 341, 343, 344, 346, 347, 349, 351, 353, 354, 355, 356, 357, 359, 361, 362, 363, 364, 366, 367, 368, 369, 371, 373, 374, 375, 377, 378, 379, 381, 382, 404, 405, 451, 452, 457, 458, 459, 460, 470, 471, 472, 474, 477, 478, 479, 482, 483, 484, 487, 488, 489, 490, 491, 516, 517, 518, 519, 528, 529, 530, 531, 545, 548, 549, 550, 551, 552, 554, 555, 557, 559, 560, 561, 562, 565, 566, 567, 568, 573, 575, 577, 578, 579, 580, 582, 584, 585, 586, 587, 588, 613, 623, 624, 625, 626, 647, 652, 653, 654, 655, 688, 689, 692, 693, 694, 697, 698, 699, 700, 701, 704, 707, 708, 762, 783, 784, 785, 786, 787, 788, 791, 794, 795, 796, 798, 799, 800, 801, 802, 803, 805, 806, 807, 808, 809, 811, 817, 818, 820, 821, 822, 824, 825, 827, 828, 829, 830, 831, 832, 833, 834, 840, 847, 849, 850, 851, 854, 855, 856, 857, 858, 859, 860, 862, 864, 865, 866, 868, 869, 873], "excluded_lines": [], "start_line": 1}}}, "src/fairway/config_loader.py": {"executed_lines": [1, 2, 3, 4, 7, 9, 15, 16, 17, 18, 19, 21, 24, 25, 26, 27, 29, 32, 33, 34, 36, 37, 38, 39, 40, 43, 46, 47, 50, 51, 52, 53, 54, 56, 59, 60, 64, 66, 67, 72, 74, 98, 100, 102, 104, 106, 107, 108, 109, 111, 112, 115, 120, 122, 125, 132, 133, 138, 140, 145, 149, 150, 151, 152, 156, 159, 160, 163, 164, 167, 252, 254, 256, 257, 258, 261, 263, 265, 266, 267, 270, 271, 273, 276, 277, 280, 281, 282, 284, 286, 290, 292, 296, 297, 298, 302, 313, 314, 321, 322, 328, 340, 341, 344], "summary": {"covered_lines": 104, "num_statements": 193, "percent_covered": 53.8860103626943, "percent_covered_display": "54", "missing_lines": 89, "excluded_lines": 0, "percent_statements_covered": 53.8860103626943, "percent_statements_covered_display": "54"}, "missing_lines": [10, 11, 12, 68, 69, 70, 76, 77, 79, 80, 81, 82, 84, 85, 86, 87, 88, 89, 90, 92, 95, 96, 97, 116, 127, 128, 130, 146, 147, 165, 188, 189, 191, 193, 194, 198, 199, 201, 202, 203, 204, 206, 207, 208, 209, 210, 211, 214, 215, 216, 217, 220, 221, 222, 225, 226, 227, 230, 231, 232, 234, 272, 274, 285, 287, 291, 293, 299, 303, 304, 305, 308, 309, 310, 316, 317, 318, 323, 324, 325, 329, 330, 331, 332, 334, 335, 336, 337, 345], "excluded_lines": [], "functions": {"ConfigValidationError.__init__": {"executed_lines": [], "summary": {"covered_lines": 0, "num_statements": 3, "percent_covered": 0.0, "percent_covered_display": "0", "missing_lines": 3, "excluded_lines": 0, "percent_statements_covered": 0.0, "percent_statements_covered_display": "0"}, "missing_lines": [10, 11, 12], "excluded_lines": [], "start_line": 9}, "Config.__init__": {"executed_lines": [17, 18, 19, 21, 24, 25, 26, 27, 29, 32, 33, 34, 36, 37, 38, 39, 40, 43, 46, 47, 50, 51, 52, 53, 54, 56, 59, 60], "summary": {"covered_lines": 28, "num_statements": 28, "percent_covered": 100.0, "percent_covered_display": "100", "missing_lines": 0, "excluded_lines": 0, "percent_statements_covered": 100.0, "percent_statements_covered_display": "100"}, "missing_lines": [], "excluded_lines": [], "start_line": 16}, "Config._resolve_path": {"executed_lines": [66, 67], "summary": {"covered_lines": 2, "num_statements": 5, "percent_covered": 40.0, "percent_covered_display": "40", "missing_lines": 3, "excluded_lines": 0, "percent_statements_covered": 40.0, "percent_statements_covered_display": "40"}, "missing_lines": [68, 69, 70], "excluded_lines": [], "start_line": 64}, "Config._load_schema": {"executed_lines": [74, 98], "summary": {"covered_lines": 2, "num_statements": 19, "percent_covered": 10.526315789473685, "percent_covered_display": "11", "missing_lines": 17, "excluded_lines": 0, "percent_statements_covered": 10.526315789473685, "percent_statements_covered_display": "11"}, "missing_lines": [76, 77, 79, 80, 81, 82, 84, 85, 86, 87, 88, 89, 90, 92, 95, 96, 97], "excluded_lines": [], "start_line": 72}, "Config._expand_tables": {"executed_lines": [102, 104, 106, 107, 108, 109, 111, 112, 115, 120, 122, 125, 132, 133, 138, 140, 145, 149, 150, 151, 152, 156, 159, 160, 163, 164, 167, 252], "summary": {"covered_lines": 28, "num_statements": 66, "percent_covered": 42.42424242424242, "percent_covered_display": "42", "missing_lines": 38, "excluded_lines": 0, "percent_statements_covered": 42.42424242424242, "percent_statements_covered_display": "42"}, "missing_lines": [116, 127, 128, 130, 146, 147, 165, 188, 189, 191, 193, 194, 198, 199, 201, 202, 203, 204, 206, 207, 208, 209, 210, 211, 214, 215, 216, 217, 220, 221, 222, 225, 226, 227, 230, 231, 232, 234], "excluded_lines": [], "start_line": 100}, "Config._validate": {"executed_lines": [256, 257, 258, 261, 263, 265, 266, 267, 270, 271, 273, 276, 277, 280, 281, 282, 284, 286, 290, 292, 296, 297, 298, 302, 313, 314, 321, 322, 328, 340, 341, 344], "summary": {"covered_lines": 32, "num_statements": 60, "percent_covered": 53.333333333333336, "percent_covered_display": "53", "missing_lines": 28, "excluded_lines": 0, "percent_statements_covered": 53.333333333333336, "percent_statements_covered_display": "53"}, "missing_lines": [272, 274, 285, 287, 291, 293, 299, 303, 304, 305, 308, 309, 310, 316, 317, 318, 323, 324, 325, 329, 330, 331, 332, 334, 335, 336, 337, 345], "excluded_lines": [], "start_line": 254}, "": {"executed_lines": [1, 2, 3, 4, 7, 9, 15, 16, 64, 72, 100, 254], "summary": {"covered_lines": 12, "num_statements": 12, "percent_covered": 100.0, "percent_covered_display": "100", "missing_lines": 0, "excluded_lines": 0, "percent_statements_covered": 100.0, "percent_statements_covered_display": "100"}, "missing_lines": [], "excluded_lines": [], "start_line": 1}}, "classes": {"ConfigValidationError": {"executed_lines": [], "summary": {"covered_lines": 0, "num_statements": 3, "percent_covered": 0.0, "percent_covered_display": "0", "missing_lines": 3, "excluded_lines": 0, "percent_statements_covered": 0.0, "percent_statements_covered_display": "0"}, "missing_lines": [10, 11, 12], "excluded_lines": [], "start_line": 7}, "Config": {"executed_lines": [17, 18, 19, 21, 24, 25, 26, 27, 29, 32, 33, 34, 36, 37, 38, 39, 40, 43, 46, 47, 50, 51, 52, 53, 54, 56, 59, 60, 66, 67, 74, 98, 102, 104, 106, 107, 108, 109, 111, 112, 115, 120, 122, 125, 132, 133, 138, 140, 145, 149, 150, 151, 152, 156, 159, 160, 163, 164, 167, 252, 256, 257, 258, 261, 263, 265, 266, 267, 270, 271, 273, 276, 277, 280, 281, 282, 284, 286, 290, 292, 296, 297, 298, 302, 313, 314, 321, 322, 328, 340, 341, 344], "summary": {"covered_lines": 92, "num_statements": 178, "percent_covered": 51.68539325842696, "percent_covered_display": "52", "missing_lines": 86, "excluded_lines": 0, "percent_statements_covered": 51.68539325842696, "percent_statements_covered_display": "52"}, "missing_lines": [68, 69, 70, 76, 77, 79, 80, 81, 82, 84, 85, 86, 87, 88, 89, 90, 92, 95, 96, 97, 116, 127, 128, 130, 146, 147, 165, 188, 189, 191, 193, 194, 198, 199, 201, 202, 203, 204, 206, 207, 208, 209, 210, 211, 214, 215, 216, 217, 220, 221, 222, 225, 226, 227, 230, 231, 232, 234, 272, 274, 285, 287, 291, 293, 299, 303, 304, 305, 308, 309, 310, 316, 317, 318, 323, 324, 325, 329, 330, 331, 332, 334, 335, 336, 337, 345], "excluded_lines": [], "start_line": 15}, "": {"executed_lines": [1, 2, 3, 4, 7, 9, 15, 16, 64, 72, 100, 254], "summary": {"covered_lines": 12, "num_statements": 12, "percent_covered": 100.0, "percent_covered_display": "100", "missing_lines": 0, "excluded_lines": 0, "percent_statements_covered": 100.0, "percent_statements_covered_display": "100"}, "missing_lines": [], "excluded_lines": [], "start_line": 1}}}, "src/fairway/data/__init__.py": {"executed_lines": [], "summary": {"covered_lines": 0, "num_statements": 0, "percent_covered": 100.0, "percent_covered_display": "100", "missing_lines": 0, "excluded_lines": 0, "percent_statements_covered": 100.0, "percent_statements_covered_display": "100"}, "missing_lines": [], "excluded_lines": [], "functions": {"": {"executed_lines": [], "summary": {"covered_lines": 0, "num_statements": 0, "percent_covered": 100.0, "percent_covered_display": "100", "missing_lines": 0, "excluded_lines": 0, "percent_statements_covered": 100.0, "percent_statements_covered_display": "100"}, "missing_lines": [], "excluded_lines": [], "start_line": 1}}, "classes": {"": {"executed_lines": [], "summary": {"covered_lines": 0, "num_statements": 0, "percent_covered": 100.0, "percent_covered_display": "100", "missing_lines": 0, "excluded_lines": 0, "percent_statements_covered": 100.0, "percent_statements_covered_display": "100"}, "missing_lines": [], "excluded_lines": [], "start_line": 1}}}, "src/fairway/data/example_transform.py": {"executed_lines": [1, 2, 4, 5, 6, 7, 8, 13, 18, 27, 49], "summary": {"covered_lines": 11, "num_statements": 44, "percent_covered": 25.0, "percent_covered_display": "25", "missing_lines": 33, "excluded_lines": 0, "percent_statements_covered": 25.0, "percent_statements_covered_display": "25"}, "missing_lines": [9, 10, 11, 19, 20, 21, 22, 24, 25, 29, 32, 33, 36, 37, 40, 41, 43, 45, 47, 51, 54, 55, 57, 60, 61, 64, 65, 66, 67, 69, 70, 72, 74], "excluded_lines": [], "functions": {"ExampleTransformer.transform": {"executed_lines": [], "summary": {"covered_lines": 0, "num_statements": 6, "percent_covered": 0.0, "percent_covered_display": "0", "missing_lines": 6, "excluded_lines": 0, "percent_statements_covered": 0.0, "percent_statements_covered_display": "0"}, "missing_lines": [19, 20, 21, 22, 24, 25], "excluded_lines": [], "start_line": 18}, "ExampleTransformer._transform_pandas": {"executed_lines": [], "summary": {"covered_lines": 0, "num_statements": 9, "percent_covered": 0.0, "percent_covered_display": "0", "missing_lines": 9, "excluded_lines": 0, "percent_statements_covered": 0.0, "percent_statements_covered_display": "0"}, "missing_lines": [29, 32, 33, 36, 37, 40, 41, 45, 47], "excluded_lines": [], "start_line": 27}, "ExampleTransformer._transform_pandas.complex_math": {"executed_lines": [], "summary": {"covered_lines": 0, "num_statements": 1, "percent_covered": 0.0, "percent_covered_display": "0", "missing_lines": 1, "excluded_lines": 0, "percent_statements_covered": 0.0, "percent_statements_covered_display": "0"}, "missing_lines": [43], "excluded_lines": [], "start_line": 41}, "ExampleTransformer._transform_spark": {"executed_lines": [], "summary": {"covered_lines": 0, "num_statements": 12, "percent_covered": 0.0, "percent_covered_display": "0", "missing_lines": 12, "excluded_lines": 0, "percent_statements_covered": 0.0, "percent_statements_covered_display": "0"}, "missing_lines": [51, 54, 55, 57, 60, 61, 64, 65, 69, 70, 72, 74], "excluded_lines": [], "start_line": 49}, "ExampleTransformer._transform_spark.complex_math": {"executed_lines": [], "summary": {"covered_lines": 0, "num_statements": 2, "percent_covered": 0.0, "percent_covered_display": "0", "missing_lines": 2, "excluded_lines": 0, "percent_statements_covered": 0.0, "percent_statements_covered_display": "0"}, "missing_lines": [66, 67], "excluded_lines": [], "start_line": 65}, "": {"executed_lines": [1, 2, 4, 5, 6, 7, 8, 13, 18, 27, 49], "summary": {"covered_lines": 11, "num_statements": 14, "percent_covered": 78.57142857142857, "percent_covered_display": "79", "missing_lines": 3, "excluded_lines": 0, "percent_statements_covered": 78.57142857142857, "percent_statements_covered_display": "79"}, "missing_lines": [9, 10, 11], "excluded_lines": [], "start_line": 1}}, "classes": {"ExampleTransformer": {"executed_lines": [], "summary": {"covered_lines": 0, "num_statements": 30, "percent_covered": 0.0, "percent_covered_display": "0", "missing_lines": 30, "excluded_lines": 0, "percent_statements_covered": 0.0, "percent_statements_covered_display": "0"}, "missing_lines": [19, 20, 21, 22, 24, 25, 29, 32, 33, 36, 37, 40, 41, 43, 45, 47, 51, 54, 55, 57, 60, 61, 64, 65, 66, 67, 69, 70, 72, 74], "excluded_lines": [], "start_line": 13}, "": {"executed_lines": [1, 2, 4, 5, 6, 7, 8, 13, 18, 27, 49], "summary": {"covered_lines": 11, "num_statements": 14, "percent_covered": 78.57142857142857, "percent_covered_display": "79", "missing_lines": 3, "excluded_lines": 0, "percent_statements_covered": 78.57142857142857, "percent_statements_covered_display": "79"}, "missing_lines": [9, 10, 11], "excluded_lines": [], "start_line": 1}}}, "src/fairway/engines/duckdb_engine.py": {"executed_lines": [1, 2, 3, 4, 5, 7, 9, 10, 11, 14, 15, 16, 18, 23, 28, 29, 30, 31, 32, 33, 34, 35, 36, 40, 45, 48, 60, 63, 68, 80, 81, 85, 88, 90, 92, 94, 99, 100, 102, 106, 107, 109, 124, 126, 127, 130, 131, 132, 134, 135, 138, 141, 145, 152, 157, 158, 160, 162, 168, 169, 176, 177, 178, 179, 180, 181, 182, 185, 188, 189, 192, 194, 196, 199, 205, 207, 209, 210, 211, 212, 215, 216, 226, 228, 233, 235, 239, 240, 243, 248, 250, 251, 260, 266, 269, 270, 273, 274, 276, 278, 280, 282, 284, 285, 286, 287, 288, 289, 290, 292, 294, 295, 299, 321, 324, 327, 330, 334, 337, 338, 341, 346, 347, 348, 350, 351, 352, 353, 354, 355, 356, 357, 362, 365, 368, 374, 375, 377, 378, 380, 381, 383, 384, 387, 388, 389, 390, 391, 393, 396, 397, 400, 401, 403, 404, 406, 407, 410, 411, 412, 413, 414, 416, 417, 418, 419, 420, 421, 422, 423, 425, 432, 433, 434, 435, 441, 442], "summary": {"covered_lines": 177, "num_statements": 222, "percent_covered": 79.72972972972973, "percent_covered_display": "80", "missing_lines": 45, "excluded_lines": 0, "percent_statements_covered": 79.72972972972973, "percent_statements_covered_display": "80"}, "missing_lines": [12, 13, 24, 25, 26, 38, 52, 61, 66, 69, 70, 71, 72, 73, 75, 77, 78, 82, 86, 139, 218, 241, 252, 254, 255, 256, 257, 258, 283, 291, 293, 297, 325, 331, 332, 339, 358, 359, 360, 363, 366, 426, 427, 438, 439], "excluded_lines": [], "functions": {"DuckDBEngine.__init__": {"executed_lines": [11, 14, 15, 16], "summary": {"covered_lines": 4, "num_statements": 6, "percent_covered": 66.66666666666667, "percent_covered_display": "67", "missing_lines": 2, "excluded_lines": 0, "percent_statements_covered": 66.66666666666667, "percent_statements_covered_display": "67"}, "missing_lines": [12, 13], "excluded_lines": [], "start_line": 10}, "DuckDBEngine.ingest": {"executed_lines": [23, 28, 29, 30, 31, 32, 33, 34, 35, 36], "summary": {"covered_lines": 10, "num_statements": 14, "percent_covered": 71.42857142857143, "percent_covered_display": "71", "missing_lines": 4, "excluded_lines": 0, "percent_statements_covered": 71.42857142857143, "percent_statements_covered_display": "71"}, "missing_lines": [24, 25, 26, 38], "excluded_lines": [], "start_line": 18}, "DuckDBEngine._ingest_csv": {"executed_lines": [45, 48, 60, 63, 68, 80, 81, 85, 88, 90, 92], "summary": {"covered_lines": 11, "num_statements": 24, "percent_covered": 45.833333333333336, "percent_covered_display": "46", "missing_lines": 13, "excluded_lines": 0, "percent_statements_covered": 45.833333333333336, "percent_statements_covered_display": "46"}, "missing_lines": [52, 61, 66, 69, 70, 71, 72, 73, 75, 77, 78, 82, 86], "excluded_lines": [], "start_line": 40}, "DuckDBEngine._ingest_json": {"executed_lines": [99, 100], "summary": {"covered_lines": 2, "num_statements": 2, "percent_covered": 100.0, "percent_covered_display": "100", "missing_lines": 0, "excluded_lines": 0, "percent_statements_covered": 100.0, "percent_statements_covered_display": "100"}, "missing_lines": [], "excluded_lines": [], "start_line": 94}, "DuckDBEngine._ingest_parquet": {"executed_lines": [106, 107], "summary": {"covered_lines": 2, "num_statements": 2, "percent_covered": 100.0, "percent_covered_display": "100", "missing_lines": 0, "excluded_lines": 0, "percent_statements_covered": 100.0, "percent_statements_covered_display": "100"}, "missing_lines": [], "excluded_lines": [], "start_line": 102}, "DuckDBEngine._ingest_fixed_width": {"executed_lines": [124, 126, 127, 130, 131, 132, 134, 135, 138, 141, 145, 152, 157, 158, 160, 162, 168, 169, 176, 177, 178, 179, 180, 181, 182, 185, 188, 189, 192, 194, 196, 199, 205], "summary": {"covered_lines": 33, "num_statements": 34, "percent_covered": 97.05882352941177, "percent_covered_display": "97", "missing_lines": 1, "excluded_lines": 0, "percent_statements_covered": 97.05882352941177, "percent_statements_covered_display": "97"}, "missing_lines": [139], "excluded_lines": [], "start_line": 109}, "DuckDBEngine._write_to_parquet": {"executed_lines": [209, 210, 211, 212, 215, 216, 226, 228, 233], "summary": {"covered_lines": 9, "num_statements": 10, "percent_covered": 90.0, "percent_covered_display": "90", "missing_lines": 1, "excluded_lines": 0, "percent_statements_covered": 90.0, "percent_statements_covered_display": "90"}, "missing_lines": [218], "excluded_lines": [], "start_line": 207}, "DuckDBEngine.read_result": {"executed_lines": [239, 240], "summary": {"covered_lines": 2, "num_statements": 3, "percent_covered": 66.66666666666667, "percent_covered_display": "67", "missing_lines": 1, "excluded_lines": 0, "percent_statements_covered": 66.66666666666667, "percent_statements_covered_display": "67"}, "missing_lines": [241], "excluded_lines": [], "start_line": 235}, "DuckDBEngine._get_column_names_only": {"executed_lines": [248, 250, 251], "summary": {"covered_lines": 3, "num_statements": 9, "percent_covered": 33.333333333333336, "percent_covered_display": "33", "missing_lines": 6, "excluded_lines": 0, "percent_statements_covered": 33.333333333333336, "percent_statements_covered_display": "33"}, "missing_lines": [252, 254, 255, 256, 257, 258], "excluded_lines": [], "start_line": 243}, "DuckDBEngine._resolve_type_conflict": {"executed_lines": [266, 269, 270, 273, 274, 276], "summary": {"covered_lines": 6, "num_statements": 6, "percent_covered": 100.0, "percent_covered_display": "100", "missing_lines": 0, "excluded_lines": 0, "percent_statements_covered": 100.0, "percent_statements_covered_display": "100"}, "missing_lines": [], "excluded_lines": [], "start_line": 260}, "DuckDBEngine._map_duckdb_type": {"executed_lines": [280, 282, 284, 285, 286, 287, 288, 289, 290, 292, 294, 295], "summary": {"covered_lines": 12, "num_statements": 16, "percent_covered": 75.0, "percent_covered_display": "75", "missing_lines": 4, "excluded_lines": 0, "percent_statements_covered": 75.0, "percent_statements_covered_display": "75"}, "missing_lines": [283, 291, 293, 297], "excluded_lines": [], "start_line": 278}, "DuckDBEngine.infer_schema": {"executed_lines": [321, 324, 327, 330, 334, 337, 338, 341, 346, 347, 348, 350, 351, 352, 353, 354, 355, 356, 357, 362, 365, 368, 374, 375, 377, 378, 380, 381, 383, 384, 387, 388, 389, 390, 391, 393, 396, 397, 400, 401, 403, 404, 406, 407, 410, 411, 412, 413, 414, 416, 417, 418, 419, 420, 421, 422, 423, 425, 432, 433, 434, 435, 441, 442], "summary": {"covered_lines": 64, "num_statements": 77, "percent_covered": 83.11688311688312, "percent_covered_display": "83", "missing_lines": 13, "excluded_lines": 0, "percent_statements_covered": 83.11688311688312, "percent_statements_covered_display": "83"}, "missing_lines": [325, 331, 332, 339, 358, 359, 360, 363, 366, 426, 427, 438, 439], "excluded_lines": [], "start_line": 299}, "": {"executed_lines": [1, 2, 3, 4, 5, 7, 9, 10, 18, 40, 94, 102, 109, 207, 235, 243, 260, 278, 299], "summary": {"covered_lines": 19, "num_statements": 19, "percent_covered": 100.0, "percent_covered_display": "100", "missing_lines": 0, "excluded_lines": 0, "percent_statements_covered": 100.0, "percent_statements_covered_display": "100"}, "missing_lines": [], "excluded_lines": [], "start_line": 1}}, "classes": {"DuckDBEngine": {"executed_lines": [11, 14, 15, 16, 23, 28, 29, 30, 31, 32, 33, 34, 35, 36, 45, 48, 60, 63, 68, 80, 81, 85, 88, 90, 92, 99, 100, 106, 107, 124, 126, 127, 130, 131, 132, 134, 135, 138, 141, 145, 152, 157, 158, 160, 162, 168, 169, 176, 177, 178, 179, 180, 181, 182, 185, 188, 189, 192, 194, 196, 199, 205, 209, 210, 211, 212, 215, 216, 226, 228, 233, 239, 240, 248, 250, 251, 266, 269, 270, 273, 274, 276, 280, 282, 284, 285, 286, 287, 288, 289, 290, 292, 294, 295, 321, 324, 327, 330, 334, 337, 338, 341, 346, 347, 348, 350, 351, 352, 353, 354, 355, 356, 357, 362, 365, 368, 374, 375, 377, 378, 380, 381, 383, 384, 387, 388, 389, 390, 391, 393, 396, 397, 400, 401, 403, 404, 406, 407, 410, 411, 412, 413, 414, 416, 417, 418, 419, 420, 421, 422, 423, 425, 432, 433, 434, 435, 441, 442], "summary": {"covered_lines": 158, "num_statements": 203, "percent_covered": 77.83251231527093, "percent_covered_display": "78", "missing_lines": 45, "excluded_lines": 0, "percent_statements_covered": 77.83251231527093, "percent_statements_covered_display": "78"}, "missing_lines": [12, 13, 24, 25, 26, 38, 52, 61, 66, 69, 70, 71, 72, 73, 75, 77, 78, 82, 86, 139, 218, 241, 252, 254, 255, 256, 257, 258, 283, 291, 293, 297, 325, 331, 332, 339, 358, 359, 360, 363, 366, 426, 427, 438, 439], "excluded_lines": [], "start_line": 9}, "": {"executed_lines": [1, 2, 3, 4, 5, 7, 9, 10, 18, 40, 94, 102, 109, 207, 235, 243, 260, 278, 299], "summary": {"covered_lines": 19, "num_statements": 19, "percent_covered": 100.0, "percent_covered_display": "100", "missing_lines": 0, "excluded_lines": 0, "percent_statements_covered": 100.0, "percent_statements_covered_display": "100"}, "missing_lines": [], "excluded_lines": [], "start_line": 1}}}, "src/fairway/engines/pyspark_engine.py": {"executed_lines": [1, 2, 3, 14, 15, 16, 19, 20, 21, 24, 27, 43, 46, 47, 48, 50, 54, 55, 57, 59, 61, 67, 70, 72, 77, 83, 84, 85, 94, 95, 99, 101, 102, 104, 106, 107, 108, 109, 111, 118, 121, 126, 150, 155, 160, 161, 166, 167, 169, 172, 178, 180, 181, 184, 185, 186, 189, 192, 195, 200, 202, 205, 206, 209, 211, 212, 214, 216, 220, 232, 233, 235, 236, 239, 242, 252, 254, 256, 257, 259, 265, 267, 269, 291, 292, 294, 298, 299, 300, 302, 303, 306, 318, 322, 323, 324, 328, 329, 330, 337, 338, 339, 340, 341, 342, 345, 348, 349, 352, 353, 356, 359, 364, 367, 370, 373, 374, 376, 377, 379, 381, 384, 385, 387, 393, 395, 421, 532, 534, 536, 537, 538, 540, 542, 544, 545, 555, 561, 564, 565, 568, 569, 571, 573, 594, 597, 602, 605, 609, 612, 613, 619, 620, 621, 622, 624, 627, 628, 629, 630, 631, 634, 637, 638, 639, 640, 641, 642, 643, 644, 645, 646, 647, 660, 663, 666, 672, 673, 675, 676, 677, 678, 679, 682, 683, 684, 685, 686, 688, 690, 691, 694, 695, 696, 697, 698, 699, 701, 706, 707, 708, 709, 714, 715], "summary": {"covered_lines": 204, "num_statements": 353, "percent_covered": 57.79036827195468, "percent_covered_display": "58", "missing_lines": 149, "excluded_lines": 0, "percent_statements_covered": 57.79036827195468, "percent_statements_covered_display": "58"}, "missing_lines": [4, 5, 6, 7, 9, 10, 11, 12, 22, 23, 56, 62, 78, 79, 80, 114, 127, 129, 130, 131, 134, 135, 138, 140, 142, 147, 151, 152, 168, 170, 173, 174, 175, 196, 197, 207, 222, 262, 263, 295, 360, 361, 371, 382, 406, 407, 414, 415, 416, 419, 426, 427, 429, 430, 431, 432, 434, 436, 437, 439, 440, 444, 450, 451, 452, 454, 457, 458, 459, 460, 461, 462, 464, 465, 466, 467, 468, 469, 470, 471, 472, 473, 474, 475, 477, 478, 480, 482, 483, 484, 485, 486, 487, 488, 489, 491, 492, 493, 494, 495, 496, 497, 498, 499, 500, 501, 502, 503, 505, 506, 507, 509, 510, 511, 513, 515, 521, 522, 528, 529, 530, 539, 541, 543, 546, 547, 548, 549, 550, 551, 553, 598, 599, 600, 606, 607, 614, 632, 633, 648, 649, 651, 652, 657, 658, 661, 664, 711, 712], "excluded_lines": [], "functions": {"PySparkEngine.__init__": {"executed_lines": [21, 24, 27, 43, 46, 47, 48, 50, 54, 55, 57, 59, 61, 67, 70], "summary": {"covered_lines": 15, "num_statements": 19, "percent_covered": 78.94736842105263, "percent_covered_display": "79", "missing_lines": 4, "excluded_lines": 0, "percent_statements_covered": 78.94736842105263, "percent_statements_covered_display": "79"}, "missing_lines": [22, 23, 56, 62], "excluded_lines": [], "start_line": 20}, "PySparkEngine.ingest": {"executed_lines": [77, 83, 84, 85, 94, 95, 99, 101, 102, 104, 106, 107, 108, 109, 111, 118, 121, 126, 150, 155, 160, 161, 166, 167, 169, 172, 178, 180, 181, 184, 185, 186, 189, 192, 195, 200, 202, 205, 206, 209, 211, 212, 214, 216, 220, 232, 233, 235, 236, 239, 242, 252, 254, 256, 257, 259, 265, 267], "summary": {"covered_lines": 58, "num_statements": 85, "percent_covered": 68.23529411764706, "percent_covered_display": "68", "missing_lines": 27, "excluded_lines": 0, "percent_statements_covered": 68.23529411764706, "percent_statements_covered_display": "68"}, "missing_lines": [78, 79, 80, 114, 127, 129, 130, 131, 134, 135, 138, 140, 142, 147, 151, 152, 168, 170, 173, 174, 175, 196, 197, 207, 222, 262, 263], "excluded_lines": [], "start_line": 72}, "PySparkEngine._ingest_fixed_width": {"executed_lines": [291, 292, 294, 298, 299, 300, 302, 303, 306, 318, 322, 323, 324, 328, 329, 330, 337, 338, 339, 340, 341, 342, 345, 348, 349, 352, 353, 356, 359, 364, 367, 370, 373, 374, 376, 377, 379, 381, 384, 385], "summary": {"covered_lines": 40, "num_statements": 45, "percent_covered": 88.88888888888889, "percent_covered_display": "89", "missing_lines": 5, "excluded_lines": 0, "percent_statements_covered": 88.88888888888889, "percent_statements_covered_display": "89"}, "missing_lines": [295, 360, 361, 371, 382], "excluded_lines": [], "start_line": 269}, "PySparkEngine.read_result": {"executed_lines": [393], "summary": {"covered_lines": 1, "num_statements": 1, "percent_covered": 100.0, "percent_covered_display": "100", "missing_lines": 0, "excluded_lines": 0, "percent_statements_covered": 100.0, "percent_statements_covered_display": "100"}, "missing_lines": [], "excluded_lines": [], "start_line": 387}, "PySparkEngine.distribute_task": {"executed_lines": [], "summary": {"covered_lines": 0, "num_statements": 6, "percent_covered": 0.0, "percent_covered_display": "0", "missing_lines": 6, "excluded_lines": 0, "percent_statements_covered": 0.0, "percent_statements_covered_display": "0"}, "missing_lines": [406, 407, 414, 415, 416, 419], "excluded_lines": [], "start_line": 395}, "PySparkEngine.calculate_hashes": {"executed_lines": [], "summary": {"covered_lines": 0, "num_statements": 6, "percent_covered": 0.0, "percent_covered_display": "0", "missing_lines": 6, "excluded_lines": 0, "percent_statements_covered": 0.0, "percent_statements_covered_display": "0"}, "missing_lines": [426, 427, 429, 528, 529, 530], "excluded_lines": [], "start_line": 421}, "PySparkEngine.calculate_hashes.worker_hash_func": {"executed_lines": [], "summary": {"covered_lines": 0, "num_statements": 65, "percent_covered": 0.0, "percent_covered_display": "0", "missing_lines": 65, "excluded_lines": 0, "percent_statements_covered": 0.0, "percent_statements_covered_display": "0"}, "missing_lines": [430, 431, 432, 434, 436, 437, 439, 440, 444, 450, 451, 452, 454, 457, 458, 459, 460, 461, 462, 464, 465, 466, 467, 468, 469, 470, 471, 472, 473, 474, 475, 477, 478, 480, 482, 483, 484, 485, 486, 487, 488, 489, 491, 492, 493, 494, 495, 496, 497, 498, 499, 500, 501, 502, 503, 505, 506, 507, 509, 510, 511, 513, 515, 521, 522], "excluded_lines": [], "start_line": 429}, "PySparkEngine._map_spark_type": {"executed_lines": [534, 536, 537, 538, 540, 542, 544, 545], "summary": {"covered_lines": 8, "num_statements": 18, "percent_covered": 44.44444444444444, "percent_covered_display": "44", "missing_lines": 10, "excluded_lines": 0, "percent_statements_covered": 44.44444444444444, "percent_statements_covered_display": "44"}, "missing_lines": [539, 541, 543, 546, 547, 548, 549, 550, 551, 553], "excluded_lines": [], "start_line": 532}, "PySparkEngine._resolve_type_conflict": {"executed_lines": [561, 564, 565, 568, 569, 571], "summary": {"covered_lines": 6, "num_statements": 6, "percent_covered": 100.0, "percent_covered_display": "100", "missing_lines": 0, "excluded_lines": 0, "percent_statements_covered": 100.0, "percent_statements_covered_display": "100"}, "missing_lines": [], "excluded_lines": [], "start_line": 555}, "PySparkEngine.infer_schema": {"executed_lines": [594, 597, 602, 605, 609, 612, 613, 619, 620, 621, 622, 624, 627, 637, 638, 639, 640, 641, 642, 643, 644, 645, 646, 647, 660, 663, 666, 672, 673, 675, 676, 677, 678, 679, 682, 683, 684, 685, 686, 688, 690, 691, 694, 695, 696, 697, 698, 699, 701, 706, 707, 708, 709, 714, 715], "summary": {"covered_lines": 55, "num_statements": 71, "percent_covered": 77.46478873239437, "percent_covered_display": "77", "missing_lines": 16, "excluded_lines": 0, "percent_statements_covered": 77.46478873239437, "percent_statements_covered_display": "77"}, "missing_lines": [598, 599, 600, 606, 607, 614, 648, 649, 651, 652, 657, 658, 661, 664, 711, 712], "excluded_lines": [], "start_line": 573}, "PySparkEngine.infer_schema.get_reader": {"executed_lines": [628, 629, 630, 631, 634], "summary": {"covered_lines": 5, "num_statements": 7, "percent_covered": 71.42857142857143, "percent_covered_display": "71", "missing_lines": 2, "excluded_lines": 0, "percent_statements_covered": 71.42857142857143, "percent_statements_covered_display": "71"}, "missing_lines": [632, 633], "excluded_lines": [], "start_line": 627}, "": {"executed_lines": [1, 2, 3, 14, 15, 16, 19, 20, 72, 269, 387, 395, 421, 532, 555, 573], "summary": {"covered_lines": 16, "num_statements": 24, "percent_covered": 66.66666666666667, "percent_covered_display": "67", "missing_lines": 8, "excluded_lines": 0, "percent_statements_covered": 66.66666666666667, "percent_statements_covered_display": "67"}, "missing_lines": [4, 5, 6, 7, 9, 10, 11, 12], "excluded_lines": [], "start_line": 1}}, "classes": {"PySparkEngine": {"executed_lines": [21, 24, 27, 43, 46, 47, 48, 50, 54, 55, 57, 59, 61, 67, 70, 77, 83, 84, 85, 94, 95, 99, 101, 102, 104, 106, 107, 108, 109, 111, 118, 121, 126, 150, 155, 160, 161, 166, 167, 169, 172, 178, 180, 181, 184, 185, 186, 189, 192, 195, 200, 202, 205, 206, 209, 211, 212, 214, 216, 220, 232, 233, 235, 236, 239, 242, 252, 254, 256, 257, 259, 265, 267, 291, 292, 294, 298, 299, 300, 302, 303, 306, 318, 322, 323, 324, 328, 329, 330, 337, 338, 339, 340, 341, 342, 345, 348, 349, 352, 353, 356, 359, 364, 367, 370, 373, 374, 376, 377, 379, 381, 384, 385, 393, 534, 536, 537, 538, 540, 542, 544, 545, 561, 564, 565, 568, 569, 571, 594, 597, 602, 605, 609, 612, 613, 619, 620, 621, 622, 624, 627, 628, 629, 630, 631, 634, 637, 638, 639, 640, 641, 642, 643, 644, 645, 646, 647, 660, 663, 666, 672, 673, 675, 676, 677, 678, 679, 682, 683, 684, 685, 686, 688, 690, 691, 694, 695, 696, 697, 698, 699, 701, 706, 707, 708, 709, 714, 715], "summary": {"covered_lines": 188, "num_statements": 329, "percent_covered": 57.142857142857146, "percent_covered_display": "57", "missing_lines": 141, "excluded_lines": 0, "percent_statements_covered": 57.142857142857146, "percent_statements_covered_display": "57"}, "missing_lines": [22, 23, 56, 62, 78, 79, 80, 114, 127, 129, 130, 131, 134, 135, 138, 140, 142, 147, 151, 152, 168, 170, 173, 174, 175, 196, 197, 207, 222, 262, 263, 295, 360, 361, 371, 382, 406, 407, 414, 415, 416, 419, 426, 427, 429, 430, 431, 432, 434, 436, 437, 439, 440, 444, 450, 451, 452, 454, 457, 458, 459, 460, 461, 462, 464, 465, 466, 467, 468, 469, 470, 471, 472, 473, 474, 475, 477, 478, 480, 482, 483, 484, 485, 486, 487, 488, 489, 491, 492, 493, 494, 495, 496, 497, 498, 499, 500, 501, 502, 503, 505, 506, 507, 509, 510, 511, 513, 515, 521, 522, 528, 529, 530, 539, 541, 543, 546, 547, 548, 549, 550, 551, 553, 598, 599, 600, 606, 607, 614, 632, 633, 648, 649, 651, 652, 657, 658, 661, 664, 711, 712], "excluded_lines": [], "start_line": 19}, "": {"executed_lines": [1, 2, 3, 14, 15, 16, 19, 20, 72, 269, 387, 395, 421, 532, 555, 573], "summary": {"covered_lines": 16, "num_statements": 24, "percent_covered": 66.66666666666667, "percent_covered_display": "67", "missing_lines": 8, "excluded_lines": 0, "percent_statements_covered": 66.66666666666667, "percent_statements_covered_display": "67"}, "missing_lines": [4, 5, 6, 7, 9, 10, 11, 12], "excluded_lines": [], "start_line": 1}}}, "src/fairway/engines/slurm_cluster.py": {"executed_lines": [1, 2, 3, 4, 6, 7, 14, 113], "summary": {"covered_lines": 8, "num_statements": 50, "percent_covered": 16.0, "percent_covered_display": "16", "missing_lines": 42, "excluded_lines": 0, "percent_statements_covered": 16.0, "percent_statements_covered_display": "16"}, "missing_lines": [8, 9, 10, 11, 12, 16, 19, 20, 21, 24, 25, 26, 27, 28, 29, 31, 87, 88, 91, 93, 94, 95, 97, 99, 100, 101, 103, 104, 105, 107, 108, 110, 111, 115, 116, 117, 118, 119, 120, 121, 122, 124], "excluded_lines": [], "functions": {"SlurmSparkManager.__init__": {"executed_lines": [], "summary": {"covered_lines": 0, "num_statements": 5, "percent_covered": 0.0, "percent_covered_display": "0", "missing_lines": 5, "excluded_lines": 0, "percent_statements_covered": 0.0, "percent_statements_covered_display": "0"}, "missing_lines": [8, 9, 10, 11, 12], "excluded_lines": [], "start_line": 7}, "SlurmSparkManager.start_cluster": {"executed_lines": [], "summary": {"covered_lines": 0, "num_statements": 28, "percent_covered": 0.0, "percent_covered_display": "0", "missing_lines": 28, "excluded_lines": 0, "percent_statements_covered": 0.0, "percent_statements_covered_display": "0"}, "missing_lines": [16, 19, 20, 21, 24, 25, 26, 27, 28, 29, 31, 87, 88, 91, 93, 94, 95, 97, 99, 100, 101, 103, 104, 105, 107, 108, 110, 111], "excluded_lines": [], "start_line": 14}, "SlurmSparkManager.stop_cluster": {"executed_lines": [], "summary": {"covered_lines": 0, "num_statements": 9, "percent_covered": 0.0, "percent_covered_display": "0", "missing_lines": 9, "excluded_lines": 0, "percent_statements_covered": 0.0, "percent_statements_covered_display": "0"}, "missing_lines": [115, 116, 117, 118, 119, 120, 121, 122, 124], "excluded_lines": [], "start_line": 113}, "": {"executed_lines": [1, 2, 3, 4, 6, 7, 14, 113], "summary": {"covered_lines": 8, "num_statements": 8, "percent_covered": 100.0, "percent_covered_display": "100", "missing_lines": 0, "excluded_lines": 0, "percent_statements_covered": 100.0, "percent_statements_covered_display": "100"}, "missing_lines": [], "excluded_lines": [], "start_line": 1}}, "classes": {"SlurmSparkManager": {"executed_lines": [], "summary": {"covered_lines": 0, "num_statements": 42, "percent_covered": 0.0, "percent_covered_display": "0", "missing_lines": 42, "excluded_lines": 0, "percent_statements_covered": 0.0, "percent_statements_covered_display": "0"}, "missing_lines": [8, 9, 10, 11, 12, 16, 19, 20, 21, 24, 25, 26, 27, 28, 29, 31, 87, 88, 91, 93, 94, 95, 97, 99, 100, 101, 103, 104, 105, 107, 108, 110, 111, 115, 116, 117, 118, 119, 120, 121, 122, 124], "excluded_lines": [], "start_line": 6}, "": {"executed_lines": [1, 2, 3, 4, 6, 7, 14, 113], "summary": {"covered_lines": 8, "num_statements": 8, "percent_covered": 100.0, "percent_covered_display": "100", "missing_lines": 0, "excluded_lines": 0, "percent_statements_covered": 100.0, "percent_statements_covered_display": "100"}, "missing_lines": [], "excluded_lines": [], "start_line": 1}}}, "src/fairway/enrichments/geospatial.py": {"executed_lines": [2, 4, 5, 6, 12, 13, 20, 21, 32, 33, 37, 38, 39, 46, 48, 49, 52, 53, 56, 58, 59, 60, 61, 63, 65, 66, 67, 69, 71, 72, 73, 74, 76], "summary": {"covered_lines": 33, "num_statements": 45, "percent_covered": 73.33333333333333, "percent_covered_display": "73", "missing_lines": 12, "excluded_lines": 0, "percent_statements_covered": 73.33333333333333, "percent_statements_covered_display": "73"}, "missing_lines": [10, 18, 25, 26, 27, 28, 29, 30, 40, 41, 55, 62], "excluded_lines": [], "functions": {"Enricher.mock_geocode": {"executed_lines": [], "summary": {"covered_lines": 0, "num_statements": 1, "percent_covered": 0.0, "percent_covered_display": "0", "missing_lines": 1, "excluded_lines": 0, "percent_statements_covered": 0.0, "percent_statements_covered_display": "0"}, "missing_lines": [10], "excluded_lines": [], "start_line": 6}, "Enricher.mock_h3_index": {"executed_lines": [], "summary": {"covered_lines": 0, "num_statements": 1, "percent_covered": 0.0, "percent_covered_display": "0", "missing_lines": 1, "excluded_lines": 0, "percent_statements_covered": 0.0, "percent_statements_covered_display": "0"}, "missing_lines": [18], "excluded_lines": [], "start_line": 13}, "Enricher.enrich_dataframe": {"executed_lines": [], "summary": {"covered_lines": 0, "num_statements": 6, "percent_covered": 0.0, "percent_covered_display": "0", "missing_lines": 6, "excluded_lines": 0, "percent_statements_covered": 0.0, "percent_statements_covered_display": "0"}, "missing_lines": [25, 26, 27, 28, 29, 30], "excluded_lines": [], "start_line": 21}, "Enricher.enrich_spark": {"executed_lines": [37, 38, 39, 46, 48, 49, 58, 59, 65, 66, 71, 72, 73, 74, 76], "summary": {"covered_lines": 15, "num_statements": 17, "percent_covered": 88.23529411764706, "percent_covered_display": "88", "missing_lines": 2, "excluded_lines": 0, "percent_statements_covered": 88.23529411764706, "percent_statements_covered_display": "88"}, "missing_lines": [40, 41], "excluded_lines": [], "start_line": 33}, "Enricher.enrich_spark.get_lat": {"executed_lines": [52, 53, 56], "summary": {"covered_lines": 3, "num_statements": 3, "percent_covered": 100.0, "percent_covered_display": "100", "missing_lines": 0, "excluded_lines": 0, "percent_statements_covered": 100.0, "percent_statements_covered_display": "100"}, "missing_lines": [], "excluded_lines": [], "start_line": 49}, "Enricher.enrich_spark.get_lat._mock_lat": {"executed_lines": [], "summary": {"covered_lines": 0, "num_statements": 1, "percent_covered": 0.0, "percent_covered_display": "0", "missing_lines": 1, "excluded_lines": 0, "percent_statements_covered": 0.0, "percent_statements_covered_display": "0"}, "missing_lines": [55], "excluded_lines": [], "start_line": 53}, "Enricher.enrich_spark.get_lon": {"executed_lines": [60, 61, 63], "summary": {"covered_lines": 3, "num_statements": 3, "percent_covered": 100.0, "percent_covered_display": "100", "missing_lines": 0, "excluded_lines": 0, "percent_statements_covered": 100.0, "percent_statements_covered_display": "100"}, "missing_lines": [], "excluded_lines": [], "start_line": 59}, "Enricher.enrich_spark.get_lon._mock_lon": {"executed_lines": [], "summary": {"covered_lines": 0, "num_statements": 1, "percent_covered": 0.0, "percent_covered_display": "0", "missing_lines": 1, "excluded_lines": 0, "percent_statements_covered": 0.0, "percent_statements_covered_display": "0"}, "missing_lines": [62], "excluded_lines": [], "start_line": 61}, "Enricher.enrich_spark.get_h3": {"executed_lines": [67, 69], "summary": {"covered_lines": 2, "num_statements": 2, "percent_covered": 100.0, "percent_covered_display": "100", "missing_lines": 0, "excluded_lines": 0, "percent_statements_covered": 100.0, "percent_statements_covered_display": "100"}, "missing_lines": [], "excluded_lines": [], "start_line": 66}, "": {"executed_lines": [2, 4, 5, 6, 12, 13, 20, 21, 32, 33], "summary": {"covered_lines": 10, "num_statements": 10, "percent_covered": 100.0, "percent_covered_display": "100", "missing_lines": 0, "excluded_lines": 0, "percent_statements_covered": 100.0, "percent_statements_covered_display": "100"}, "missing_lines": [], "excluded_lines": [], "start_line": 1}}, "classes": {"Enricher": {"executed_lines": [37, 38, 39, 46, 48, 49, 52, 53, 56, 58, 59, 60, 61, 63, 65, 66, 67, 69, 71, 72, 73, 74, 76], "summary": {"covered_lines": 23, "num_statements": 35, "percent_covered": 65.71428571428571, "percent_covered_display": "66", "missing_lines": 12, "excluded_lines": 0, "percent_statements_covered": 65.71428571428571, "percent_statements_covered_display": "66"}, "missing_lines": [10, 18, 25, 26, 27, 28, 29, 30, 40, 41, 55, 62], "excluded_lines": [], "start_line": 4}, "": {"executed_lines": [2, 4, 5, 6, 12, 13, 20, 21, 32, 33], "summary": {"covered_lines": 10, "num_statements": 10, "percent_covered": 100.0, "percent_covered_display": "100", "missing_lines": 0, "excluded_lines": 0, "percent_statements_covered": 100.0, "percent_statements_covered_display": "100"}, "missing_lines": [], "excluded_lines": [], "start_line": 1}}}, "src/fairway/exporters/redivis_exporter.py": {"executed_lines": [1, 2, 3, 4, 6, 7, 9, 10, 11, 13, 20, 21, 22, 24, 28, 31, 33, 34, 36, 37, 38, 39, 40, 41, 43, 45, 55, 56, 58, 59, 60, 61, 66, 67, 68, 69, 70, 72, 74, 75, 77, 78, 79, 82, 83, 84, 86, 87, 89, 90, 92, 93, 94, 96, 97, 98, 99, 105, 107], "summary": {"covered_lines": 59, "num_statements": 71, "percent_covered": 83.09859154929578, "percent_covered_display": "83", "missing_lines": 12, "excluded_lines": 0, "percent_statements_covered": 83.09859154929578, "percent_statements_covered_display": "83"}, "missing_lines": [12, 25, 29, 62, 63, 100, 101, 102, 103, 109, 110, 111], "excluded_lines": [], "functions": {"RedivisExporter.__init__": {"executed_lines": [11, 13, 20, 21, 22, 24, 28], "summary": {"covered_lines": 7, "num_statements": 10, "percent_covered": 70.0, "percent_covered_display": "70", "missing_lines": 3, "excluded_lines": 0, "percent_statements_covered": 70.0, "percent_statements_covered_display": "70"}, "missing_lines": [12, 25, 29], "excluded_lines": [], "start_line": 10}, "RedivisExporter.get_or_create_dataset": {"executed_lines": [33, 34, 36, 37, 38, 39, 40, 41, 43], "summary": {"covered_lines": 9, "num_statements": 9, "percent_covered": 100.0, "percent_covered_display": "100", "missing_lines": 0, "excluded_lines": 0, "percent_statements_covered": 100.0, "percent_statements_covered_display": "100"}, "missing_lines": [], "excluded_lines": [], "start_line": 31}, "RedivisExporter.upload_table": {"executed_lines": [55, 56, 58, 59, 60, 61, 66, 67, 68, 69, 70, 72, 74, 75, 77, 78, 79, 82, 83, 84, 86, 87, 89, 90, 92, 93, 94, 96, 97, 98, 99, 105], "summary": {"covered_lines": 32, "num_statements": 38, "percent_covered": 84.21052631578948, "percent_covered_display": "84", "missing_lines": 6, "excluded_lines": 0, "percent_statements_covered": 84.21052631578948, "percent_statements_covered_display": "84"}, "missing_lines": [62, 63, 100, 101, 102, 103], "excluded_lines": [], "start_line": 45}, "RedivisExporter.update_dataset_metadata": {"executed_lines": [], "summary": {"covered_lines": 0, "num_statements": 3, "percent_covered": 0.0, "percent_covered_display": "0", "missing_lines": 3, "excluded_lines": 0, "percent_statements_covered": 0.0, "percent_statements_covered_display": "0"}, "missing_lines": [109, 110, 111], "excluded_lines": [], "start_line": 107}, "": {"executed_lines": [1, 2, 3, 4, 6, 7, 9, 10, 31, 45, 107], "summary": {"covered_lines": 11, "num_statements": 11, "percent_covered": 100.0, "percent_covered_display": "100", "missing_lines": 0, "excluded_lines": 0, "percent_statements_covered": 100.0, "percent_statements_covered_display": "100"}, "missing_lines": [], "excluded_lines": [], "start_line": 1}}, "classes": {"RedivisExporter": {"executed_lines": [11, 13, 20, 21, 22, 24, 28, 33, 34, 36, 37, 38, 39, 40, 41, 43, 55, 56, 58, 59, 60, 61, 66, 67, 68, 69, 70, 72, 74, 75, 77, 78, 79, 82, 83, 84, 86, 87, 89, 90, 92, 93, 94, 96, 97, 98, 99, 105], "summary": {"covered_lines": 48, "num_statements": 60, "percent_covered": 80.0, "percent_covered_display": "80", "missing_lines": 12, "excluded_lines": 0, "percent_statements_covered": 80.0, "percent_statements_covered_display": "80"}, "missing_lines": [12, 25, 29, 62, 63, 100, 101, 102, 103, 109, 110, 111], "excluded_lines": [], "start_line": 9}, "": {"executed_lines": [1, 2, 3, 4, 6, 7, 9, 10, 31, 45, 107], "summary": {"covered_lines": 11, "num_statements": 11, "percent_covered": 100.0, "percent_covered_display": "100", "missing_lines": 0, "excluded_lines": 0, "percent_statements_covered": 100.0, "percent_statements_covered_display": "100"}, "missing_lines": [], "excluded_lines": [], "start_line": 1}}}, "src/fairway/fixed_width.py": {"executed_lines": [21, 22, 23, 26, 29, 39, 41, 42, 43, 44, 47, 63, 66, 68, 69, 71, 72, 75, 76, 78, 81, 100, 102, 106, 107, 111, 116, 117, 119, 120, 123, 124, 125, 126, 129, 130, 131, 133, 136, 137, 138, 139, 140, 141, 142, 145, 146, 147, 148, 149, 150, 151, 153, 156, 157, 158, 163, 166, 167, 168, 171, 172, 176, 184, 185, 188, 189, 193], "summary": {"covered_lines": 68, "num_statements": 78, "percent_covered": 87.17948717948718, "percent_covered_display": "87", "missing_lines": 10, "excluded_lines": 0, "percent_statements_covered": 87.17948717948718, "percent_statements_covered_display": "87"}, "missing_lines": [64, 103, 104, 108, 109, 112, 113, 173, 174, 191], "excluded_lines": [], "functions": {"FixedWidthSpecError.__init__": {"executed_lines": [42, 43, 44], "summary": {"covered_lines": 3, "num_statements": 3, "percent_covered": 100.0, "percent_covered_display": "100", "missing_lines": 0, "excluded_lines": 0, "percent_statements_covered": 100.0, "percent_statements_covered_display": "100"}, "missing_lines": [], "excluded_lines": [], "start_line": 41}, "load_spec": {"executed_lines": [63, 66, 68, 69, 71, 72, 75, 76, 78], "summary": {"covered_lines": 9, "num_statements": 10, "percent_covered": 90.0, "percent_covered_display": "90", "missing_lines": 1, "excluded_lines": 0, "percent_statements_covered": 90.0, "percent_statements_covered_display": "90"}, "missing_lines": [64], "excluded_lines": [], "start_line": 47}, "validate_spec": {"executed_lines": [100, 102, 106, 107, 111, 116, 117, 119, 120, 123, 124, 125, 126, 129, 130, 131, 133, 136, 137, 138, 139, 140, 141, 142, 145, 146, 147, 148, 149, 150, 151, 153, 156, 157, 158, 163, 166, 167, 168, 171, 172, 176, 184, 185, 188, 189, 193], "summary": {"covered_lines": 47, "num_statements": 56, "percent_covered": 83.92857142857143, "percent_covered_display": "84", "missing_lines": 9, "excluded_lines": 0, "percent_statements_covered": 83.92857142857143, "percent_statements_covered_display": "84"}, "missing_lines": [103, 104, 108, 109, 112, 113, 173, 174, 191], "excluded_lines": [], "start_line": 81}, "": {"executed_lines": [21, 22, 23, 26, 29, 39, 41, 47, 81], "summary": {"covered_lines": 9, "num_statements": 9, "percent_covered": 100.0, "percent_covered_display": "100", "missing_lines": 0, "excluded_lines": 0, "percent_statements_covered": 100.0, "percent_statements_covered_display": "100"}, "missing_lines": [], "excluded_lines": [], "start_line": 1}}, "classes": {"FixedWidthSpecError": {"executed_lines": [42, 43, 44], "summary": {"covered_lines": 3, "num_statements": 3, "percent_covered": 100.0, "percent_covered_display": "100", "missing_lines": 0, "excluded_lines": 0, "percent_statements_covered": 100.0, "percent_statements_covered_display": "100"}, "missing_lines": [], "excluded_lines": [], "start_line": 39}, "": {"executed_lines": [21, 22, 23, 26, 29, 39, 41, 47, 63, 66, 68, 69, 71, 72, 75, 76, 78, 81, 100, 102, 106, 107, 111, 116, 117, 119, 120, 123, 124, 125, 126, 129, 130, 131, 133, 136, 137, 138, 139, 140, 141, 142, 145, 146, 147, 148, 149, 150, 151, 153, 156, 157, 158, 163, 166, 167, 168, 171, 172, 176, 184, 185, 188, 189, 193], "summary": {"covered_lines": 65, "num_statements": 75, "percent_covered": 86.66666666666667, "percent_covered_display": "87", "missing_lines": 10, "excluded_lines": 0, "percent_statements_covered": 86.66666666666667, "percent_statements_covered_display": "87"}, "missing_lines": [64, 103, 104, 108, 109, 112, 113, 173, 174, 191], "excluded_lines": [], "start_line": 1}}}, "src/fairway/generate_test_data.py": {"executed_lines": [1, 3, 55], "summary": {"covered_lines": 3, "num_statements": 35, "percent_covered": 8.571428571428571, "percent_covered_display": "9", "missing_lines": 32, "excluded_lines": 0, "percent_statements_covered": 8.571428571428571, "percent_statements_covered_display": "9"}, "missing_lines": [4, 5, 6, 7, 8, 10, 12, 13, 14, 15, 17, 18, 19, 21, 28, 29, 30, 32, 33, 34, 37, 38, 39, 41, 42, 43, 46, 49, 50, 52, 53, 56], "excluded_lines": [], "functions": {"generate_test_data": {"executed_lines": [], "summary": {"covered_lines": 0, "num_statements": 31, "percent_covered": 0.0, "percent_covered_display": "0", "missing_lines": 31, "excluded_lines": 0, "percent_statements_covered": 0.0, "percent_statements_covered_display": "0"}, "missing_lines": [4, 5, 6, 7, 8, 10, 12, 13, 14, 15, 17, 18, 19, 21, 28, 29, 30, 32, 33, 34, 37, 38, 39, 41, 42, 43, 46, 49, 50, 52, 53], "excluded_lines": [], "start_line": 3}, "": {"executed_lines": [1, 3, 55], "summary": {"covered_lines": 3, "num_statements": 4, "percent_covered": 75.0, "percent_covered_display": "75", "missing_lines": 1, "excluded_lines": 0, "percent_statements_covered": 75.0, "percent_statements_covered_display": "75"}, "missing_lines": [56], "excluded_lines": [], "start_line": 1}}, "classes": {"": {"executed_lines": [1, 3, 55], "summary": {"covered_lines": 3, "num_statements": 35, "percent_covered": 8.571428571428571, "percent_covered_display": "9", "missing_lines": 32, "excluded_lines": 0, "percent_statements_covered": 8.571428571428571, "percent_statements_covered_display": "9"}, "missing_lines": [4, 5, 6, 7, 8, 10, 12, 13, 14, 15, 17, 18, 19, 21, 28, 29, 30, 32, 33, 34, 37, 38, 39, 41, 42, 43, 46, 49, 50, 52, 53, 56], "excluded_lines": [], "start_line": 1}}}, "src/fairway/manifest.py": {"executed_lines": [1, 2, 3, 4, 5, 7, 8, 11, 13, 15, 16, 17, 25, 28, 29, 30, 31, 32, 33, 35, 36, 37, 38, 39, 47, 48, 49, 50, 51, 52, 53, 54, 56, 57, 58, 59, 60, 62, 63, 65, 67, 70, 71, 73, 75, 76, 77, 78, 79, 80, 82, 85, 86, 87, 93, 95, 97, 98, 104, 106, 108, 109, 110, 112, 113, 115, 116, 118, 120, 122, 129, 131, 133, 134, 135, 136, 138, 139, 140, 141, 142, 145, 148, 149, 150, 151, 153, 154, 157, 162, 163, 164, 165, 166, 167, 169, 171, 172, 173, 174, 175, 176, 182, 184, 186, 187, 189, 191, 192, 194, 195, 197, 198, 200, 203, 206, 207, 208, 209, 211, 213, 214, 215, 217, 218, 220, 221, 222, 224, 226, 228, 229, 230, 231, 232], "summary": {"covered_lines": 135, "num_statements": 151, "percent_covered": 89.40397350993378, "percent_covered_display": "89", "missing_lines": 16, "excluded_lines": 0, "percent_statements_covered": 89.40397350993378, "percent_statements_covered_display": "89"}, "missing_lines": [14, 18, 19, 20, 21, 22, 68, 111, 114, 117, 155, 156, 193, 196, 199, 227], "excluded_lines": [], "functions": {"_get_file_hash_static": {"executed_lines": [13, 15, 16, 17], "summary": {"covered_lines": 4, "num_statements": 10, "percent_covered": 40.0, "percent_covered_display": "40", "missing_lines": 6, "excluded_lines": 0, "percent_statements_covered": 40.0, "percent_statements_covered_display": "40"}, "missing_lines": [14, 18, 19, 20, 21, 22], "excluded_lines": [], "start_line": 11}, "TableManifest.__init__": {"executed_lines": [29, 30, 31, 32, 33], "summary": {"covered_lines": 5, "num_statements": 5, "percent_covered": 100.0, "percent_covered_display": "100", "missing_lines": 0, "excluded_lines": 0, "percent_statements_covered": 100.0, "percent_statements_covered_display": "100"}, "missing_lines": [], "excluded_lines": [], "start_line": 28}, "TableManifest._load": {"executed_lines": [36, 37, 38, 39], "summary": {"covered_lines": 4, "num_statements": 4, "percent_covered": 100.0, "percent_covered_display": "100", "missing_lines": 0, "excluded_lines": 0, "percent_statements_covered": 100.0, "percent_statements_covered_display": "100"}, "missing_lines": [], "excluded_lines": [], "start_line": 35}, "TableManifest._save": {"executed_lines": [48, 49, 50, 51, 52, 53, 54], "summary": {"covered_lines": 7, "num_statements": 7, "percent_covered": 100.0, "percent_covered_display": "100", "missing_lines": 0, "excluded_lines": 0, "percent_statements_covered": 100.0, "percent_statements_covered_display": "100"}, "missing_lines": [], "excluded_lines": [], "start_line": 47}, "TableManifest.batch": {"executed_lines": [58, 59, 60, 62, 63], "summary": {"covered_lines": 5, "num_statements": 5, "percent_covered": 100.0, "percent_covered_display": "100", "missing_lines": 0, "excluded_lines": 0, "percent_statements_covered": 100.0, "percent_statements_covered_display": "100"}, "missing_lines": [], "excluded_lines": [], "start_line": 57}, "TableManifest.get_file_key": {"executed_lines": [67, 70, 71], "summary": {"covered_lines": 3, "num_statements": 4, "percent_covered": 75.0, "percent_covered_display": "75", "missing_lines": 1, "excluded_lines": 0, "percent_statements_covered": 75.0, "percent_statements_covered_display": "75"}, "missing_lines": [68], "excluded_lines": [], "start_line": 65}, "TableManifest.should_process": {"executed_lines": [75, 76, 77, 78, 79, 80], "summary": {"covered_lines": 6, "num_statements": 6, "percent_covered": 100.0, "percent_covered_display": "100", "missing_lines": 0, "excluded_lines": 0, "percent_statements_covered": 100.0, "percent_statements_covered_display": "100"}, "missing_lines": [], "excluded_lines": [], "start_line": 73}, "TableManifest.update_file": {"executed_lines": [85, 86, 87, 93], "summary": {"covered_lines": 4, "num_statements": 4, "percent_covered": 100.0, "percent_covered_display": "100", "missing_lines": 0, "excluded_lines": 0, "percent_statements_covered": 100.0, "percent_statements_covered_display": "100"}, "missing_lines": [], "excluded_lines": [], "start_line": 82}, "TableManifest.record_preprocessing": {"executed_lines": [97, 98, 104], "summary": {"covered_lines": 3, "num_statements": 3, "percent_covered": 100.0, "percent_covered_display": "100", "missing_lines": 0, "excluded_lines": 0, "percent_statements_covered": 100.0, "percent_statements_covered_display": "100"}, "missing_lines": [], "excluded_lines": [], "start_line": 95}, "TableManifest.get_preprocessed_path": {"executed_lines": [108, 109, 110, 112, 113, 115, 116, 118], "summary": {"covered_lines": 8, "num_statements": 11, "percent_covered": 72.72727272727273, "percent_covered_display": "73", "missing_lines": 3, "excluded_lines": 0, "percent_statements_covered": 72.72727272727273, "percent_statements_covered_display": "73"}, "missing_lines": [111, 114, 117], "excluded_lines": [], "start_line": 106}, "TableManifest.record_schema": {"executed_lines": [122, 129], "summary": {"covered_lines": 2, "num_statements": 2, "percent_covered": 100.0, "percent_covered_display": "100", "missing_lines": 0, "excluded_lines": 0, "percent_statements_covered": 100.0, "percent_statements_covered_display": "100"}, "missing_lines": [], "excluded_lines": [], "start_line": 120}, "TableManifest.is_schema_stale": {"executed_lines": [133, 134, 135, 136], "summary": {"covered_lines": 4, "num_statements": 4, "percent_covered": 100.0, "percent_covered_display": "100", "missing_lines": 0, "excluded_lines": 0, "percent_statements_covered": 100.0, "percent_statements_covered_display": "100"}, "missing_lines": [], "excluded_lines": [], "start_line": 131}, "TableManifest._compute_hash": {"executed_lines": [139, 140, 141, 142], "summary": {"covered_lines": 4, "num_statements": 4, "percent_covered": 100.0, "percent_covered_display": "100", "missing_lines": 0, "excluded_lines": 0, "percent_statements_covered": 100.0, "percent_statements_covered_display": "100"}, "missing_lines": [], "excluded_lines": [], "start_line": 138}, "GlobalManifest.__init__": {"executed_lines": [149, 150, 151], "summary": {"covered_lines": 3, "num_statements": 3, "percent_covered": 100.0, "percent_covered_display": "100", "missing_lines": 0, "excluded_lines": 0, "percent_statements_covered": 100.0, "percent_statements_covered_display": "100"}, "missing_lines": [], "excluded_lines": [], "start_line": 148}, "GlobalManifest._load": {"executed_lines": [154, 157], "summary": {"covered_lines": 2, "num_statements": 4, "percent_covered": 50.0, "percent_covered_display": "50", "missing_lines": 2, "excluded_lines": 0, "percent_statements_covered": 50.0, "percent_statements_covered_display": "50"}, "missing_lines": [155, 156], "excluded_lines": [], "start_line": 153}, "GlobalManifest._save": {"executed_lines": [163, 164, 165, 166, 167], "summary": {"covered_lines": 5, "num_statements": 5, "percent_covered": 100.0, "percent_covered_display": "100", "missing_lines": 0, "excluded_lines": 0, "percent_statements_covered": 100.0, "percent_statements_covered_display": "100"}, "missing_lines": [], "excluded_lines": [], "start_line": 162}, "GlobalManifest.record_extraction": {"executed_lines": [171, 172, 173, 174, 175, 176, 182], "summary": {"covered_lines": 7, "num_statements": 7, "percent_covered": 100.0, "percent_covered_display": "100", "missing_lines": 0, "excluded_lines": 0, "percent_statements_covered": 100.0, "percent_statements_covered_display": "100"}, "missing_lines": [], "excluded_lines": [], "start_line": 169}, "GlobalManifest.get_extraction": {"executed_lines": [186, 187], "summary": {"covered_lines": 2, "num_statements": 2, "percent_covered": 100.0, "percent_covered_display": "100", "missing_lines": 0, "excluded_lines": 0, "percent_statements_covered": 100.0, "percent_statements_covered_display": "100"}, "missing_lines": [], "excluded_lines": [], "start_line": 184}, "GlobalManifest.is_extraction_valid": {"executed_lines": [191, 192, 194, 195, 197, 198, 200], "summary": {"covered_lines": 7, "num_statements": 10, "percent_covered": 70.0, "percent_covered_display": "70", "missing_lines": 3, "excluded_lines": 0, "percent_statements_covered": 70.0, "percent_statements_covered_display": "70"}, "missing_lines": [193, 196, 199], "excluded_lines": [], "start_line": 189}, "ManifestStore.__init__": {"executed_lines": [207, 208, 209], "summary": {"covered_lines": 3, "num_statements": 3, "percent_covered": 100.0, "percent_covered_display": "100", "missing_lines": 0, "excluded_lines": 0, "percent_statements_covered": 100.0, "percent_statements_covered_display": "100"}, "missing_lines": [], "excluded_lines": [], "start_line": 206}, "ManifestStore.get_table_manifest": {"executed_lines": [213, 214, 215], "summary": {"covered_lines": 3, "num_statements": 3, "percent_covered": 100.0, "percent_covered_display": "100", "missing_lines": 0, "excluded_lines": 0, "percent_statements_covered": 100.0, "percent_statements_covered_display": "100"}, "missing_lines": [], "excluded_lines": [], "start_line": 211}, "ManifestStore.global_manifest": {"executed_lines": [220, 221, 222], "summary": {"covered_lines": 3, "num_statements": 3, "percent_covered": 100.0, "percent_covered_display": "100", "missing_lines": 0, "excluded_lines": 0, "percent_statements_covered": 100.0, "percent_statements_covered_display": "100"}, "missing_lines": [], "excluded_lines": [], "start_line": 218}, "ManifestStore.list_tables": {"executed_lines": [226, 228, 229, 230, 231, 232], "summary": {"covered_lines": 6, "num_statements": 7, "percent_covered": 85.71428571428571, "percent_covered_display": "86", "missing_lines": 1, "excluded_lines": 0, "percent_statements_covered": 85.71428571428571, "percent_statements_covered_display": "86"}, "missing_lines": [227], "excluded_lines": [], "start_line": 224}, "": {"executed_lines": [1, 2, 3, 4, 5, 7, 8, 11, 25, 28, 35, 47, 56, 57, 65, 73, 82, 95, 106, 120, 131, 138, 145, 148, 153, 162, 169, 184, 189, 203, 206, 211, 217, 218, 224], "summary": {"covered_lines": 35, "num_statements": 35, "percent_covered": 100.0, "percent_covered_display": "100", "missing_lines": 0, "excluded_lines": 0, "percent_statements_covered": 100.0, "percent_statements_covered_display": "100"}, "missing_lines": [], "excluded_lines": [], "start_line": 1}}, "classes": {"TableManifest": {"executed_lines": [29, 30, 31, 32, 33, 36, 37, 38, 39, 48, 49, 50, 51, 52, 53, 54, 58, 59, 60, 62, 63, 67, 70, 71, 75, 76, 77, 78, 79, 80, 85, 86, 87, 93, 97, 98, 104, 108, 109, 110, 112, 113, 115, 116, 118, 122, 129, 133, 134, 135, 136, 139, 140, 141, 142], "summary": {"covered_lines": 55, "num_statements": 59, "percent_covered": 93.22033898305085, "percent_covered_display": "93", "missing_lines": 4, "excluded_lines": 0, "percent_statements_covered": 93.22033898305085, "percent_statements_covered_display": "93"}, "missing_lines": [68, 111, 114, 117], "excluded_lines": [], "start_line": 25}, "GlobalManifest": {"executed_lines": [149, 150, 151, 154, 157, 163, 164, 165, 166, 167, 171, 172, 173, 174, 175, 176, 182, 186, 187, 191, 192, 194, 195, 197, 198, 200], "summary": {"covered_lines": 26, "num_statements": 31, "percent_covered": 83.87096774193549, "percent_covered_display": "84", "missing_lines": 5, "excluded_lines": 0, "percent_statements_covered": 83.87096774193549, "percent_statements_covered_display": "84"}, "missing_lines": [155, 156, 193, 196, 199], "excluded_lines": [], "start_line": 145}, "ManifestStore": {"executed_lines": [207, 208, 209, 213, 214, 215, 220, 221, 222, 226, 228, 229, 230, 231, 232], "summary": {"covered_lines": 15, "num_statements": 16, "percent_covered": 93.75, "percent_covered_display": "94", "missing_lines": 1, "excluded_lines": 0, "percent_statements_covered": 93.75, "percent_statements_covered_display": "94"}, "missing_lines": [227], "excluded_lines": [], "start_line": 203}, "": {"executed_lines": [1, 2, 3, 4, 5, 7, 8, 11, 13, 15, 16, 17, 25, 28, 35, 47, 56, 57, 65, 73, 82, 95, 106, 120, 131, 138, 145, 148, 153, 162, 169, 184, 189, 203, 206, 211, 217, 218, 224], "summary": {"covered_lines": 39, "num_statements": 45, "percent_covered": 86.66666666666667, "percent_covered_display": "87", "missing_lines": 6, "excluded_lines": 0, "percent_statements_covered": 86.66666666666667, "percent_statements_covered_display": "87"}, "missing_lines": [14, 18, 19, 20, 21, 22], "excluded_lines": [], "start_line": 1}}}, "src/fairway/pipeline.py": {"executed_lines": [1, 2, 3, 4, 5, 6, 7, 8, 9, 10, 11, 12, 13, 14, 15, 18, 26, 27, 28, 29, 30, 32, 61, 73, 95, 96, 97, 98, 99, 100, 101, 102, 104, 105, 107, 108, 109, 110, 113, 114, 115, 119, 319, 370, 420, 421, 423, 424, 425, 430, 453], "summary": {"covered_lines": 51, "num_statements": 381, "percent_covered": 13.385826771653543, "percent_covered_display": "13", "missing_lines": 330, "excluded_lines": 0, "percent_statements_covered": 13.385826771653543, "percent_statements_covered_display": "13"}, "missing_lines": [34, 37, 38, 41, 42, 43, 44, 45, 48, 49, 51, 52, 55, 56, 58, 59, 63, 65, 67, 70, 71, 75, 76, 77, 78, 79, 80, 81, 82, 83, 84, 85, 86, 87, 88, 89, 90, 92, 111, 112, 117, 125, 126, 127, 129, 130, 131, 133, 134, 135, 139, 140, 141, 142, 150, 153, 154, 158, 160, 161, 162, 163, 165, 166, 167, 170, 171, 172, 173, 176, 177, 179, 180, 184, 187, 188, 190, 192, 193, 196, 198, 200, 201, 202, 203, 204, 207, 210, 211, 212, 218, 219, 220, 222, 224, 227, 229, 231, 232, 233, 234, 235, 237, 239, 247, 248, 249, 250, 251, 252, 253, 255, 258, 260, 261, 262, 266, 267, 268, 269, 272, 273, 274, 275, 276, 290, 292, 294, 295, 297, 300, 303, 306, 307, 310, 317, 324, 325, 326, 328, 331, 332, 333, 334, 336, 338, 339, 340, 342, 345, 346, 347, 348, 351, 352, 353, 354, 355, 357, 359, 360, 362, 365, 368, 372, 373, 374, 376, 377, 378, 379, 380, 381, 384, 385, 387, 388, 389, 390, 392, 394, 395, 396, 397, 398, 399, 401, 403, 405, 406, 407, 408, 409, 410, 411, 414, 415, 416, 418, 431, 433, 434, 435, 436, 437, 438, 439, 441, 442, 443, 444, 445, 446, 447, 449, 450, 451, 455, 460, 465, 466, 468, 469, 471, 473, 474, 476, 478, 480, 481, 483, 485, 487, 488, 492, 497, 498, 500, 502, 503, 504, 505, 506, 507, 508, 509, 510, 513, 514, 534, 536, 538, 540, 541, 544, 545, 546, 547, 549, 552, 554, 556, 557, 558, 559, 560, 561, 563, 564, 566, 568, 570, 572, 574, 577, 578, 579, 580, 581, 583, 584, 586, 592, 593, 594, 596, 597, 599, 600, 604, 605, 606, 608, 610, 625, 626, 627, 628, 629, 631, 633, 639, 641, 642, 644, 646, 649, 650, 652, 653, 655, 657, 658, 660, 665, 667, 670, 671, 672, 673, 676, 677, 678, 680, 687, 688, 689, 691, 692, 693], "excluded_lines": [], "functions": {"ArchiveCache.__init__": {"executed_lines": [27, 28, 29, 30], "summary": {"covered_lines": 4, "num_statements": 4, "percent_covered": 100.0, "percent_covered_display": "100", "missing_lines": 0, "excluded_lines": 0, "percent_statements_covered": 100.0, "percent_statements_covered_display": "100"}, "missing_lines": [], "excluded_lines": [], "start_line": 26}, "ArchiveCache.get_extracted_path": {"executed_lines": [], "summary": {"covered_lines": 0, "num_statements": 16, "percent_covered": 0.0, "percent_covered_display": "0", "missing_lines": 16, "excluded_lines": 0, "percent_statements_covered": 0.0, "percent_statements_covered_display": "0"}, "missing_lines": [34, 37, 38, 41, 42, 43, 44, 45, 48, 49, 51, 52, 55, 56, 58, 59], "excluded_lines": [], "start_line": 32}, "ArchiveCache._get_extraction_dir": {"executed_lines": [], "summary": {"covered_lines": 0, "num_statements": 5, "percent_covered": 0.0, "percent_covered_display": "0", "missing_lines": 5, "excluded_lines": 0, "percent_statements_covered": 0.0, "percent_statements_covered_display": "0"}, "missing_lines": [63, 65, 67, 70, 71], "excluded_lines": [], "start_line": 61}, "ArchiveCache._extract": {"executed_lines": [], "summary": {"covered_lines": 0, "num_statements": 17, "percent_covered": 0.0, "percent_covered_display": "0", "missing_lines": 17, "excluded_lines": 0, "percent_statements_covered": 0.0, "percent_statements_covered_display": "0"}, "missing_lines": [75, 76, 77, 78, 79, 80, 81, 82, 83, 84, 85, 86, 87, 88, 89, 90, 92], "excluded_lines": [], "start_line": 73}, "IngestionPipeline.__init__": {"executed_lines": [97, 98, 99, 100, 101, 102], "summary": {"covered_lines": 6, "num_statements": 6, "percent_covered": 100.0, "percent_covered_display": "100", "missing_lines": 0, "excluded_lines": 0, "percent_statements_covered": 100.0, "percent_statements_covered_display"
[...]
": {"covered_lines": 6, "num_statements": 137, "percent_covered": 4.37956204379562, "percent_covered_display": "4", "missing_lines": 131, "excluded_lines": 0, "percent_statements_covered": 4.37956204379562, "percent_statements_covered_display": "4"}, "missing_lines": [431, 433, 434, 435, 436, 437, 438, 439, 441, 442, 443, 444, 445, 446, 447, 449, 450, 451, 455, 460, 465, 466, 468, 469, 471, 473, 474, 476, 478, 480, 481, 483, 485, 487, 488, 492, 497, 498, 500, 502, 503, 504, 505, 506, 507, 508, 509, 510, 513, 514, 534, 536, 538, 540, 541, 544, 545, 546, 547, 549, 552, 554, 556, 557, 558, 559, 560, 561, 563, 564, 566, 568, 570, 572, 574, 577, 578, 579, 580, 581, 583, 584, 586, 592, 593, 594, 596, 597, 599, 600, 604, 605, 606, 608, 610, 625, 626, 627, 628, 629, 631, 633, 639, 641, 642, 644, 646, 649, 650, 652, 653, 655, 657, 658, 660, 665, 667, 670, 671, 672, 673, 676, 677, 678, 680, 687, 688, 689, 691, 692, 693], "excluded_lines": [], "start_line": 420}, "": {"executed_lines": [1, 2, 3, 4, 5, 6, 7, 8, 9, 10, 11, 12, 13, 14, 15, 18, 26, 32, 61, 73, 95, 96, 104, 119, 319, 370, 420], "summary": {"covered_lines": 27, "num_statements": 27, "percent_covered": 100.0, "percent_covered_display": "100", "missing_lines": 0, "excluded_lines": 0, "percent_statements_covered": 100.0, "percent_statements_covered_display": "100"}, "missing_lines": [], "excluded_lines": [], "start_line": 1}}, "classes": {"ArchiveCache": {"executed_lines": [27, 28, 29, 30], "summary": {"covered_lines": 4, "num_statements": 42, "percent_covered": 9.523809523809524, "percent_covered_display": "10", "missing_lines": 38, "excluded_lines": 0, "percent_statements_covered": 9.523809523809524, "percent_statements_covered_display": "10"}, "missing_lines": [34, 37, 38, 41, 42, 43, 44, 45, 48, 49, 51, 52, 55, 56, 58, 59, 63, 65, 67, 70, 71, 75, 76, 77, 78, 79, 80, 81, 82, 83, 84, 85, 86, 87, 88, 89, 90, 92], "excluded_lines": [], "start_line": 18}, "IngestionPipeline": {"executed_lines": [97, 98, 99, 100, 101, 102, 105, 107, 108, 109, 110, 113, 114, 115, 421, 423, 424, 425, 430, 453], "summary": {"covered_lines": 20, "num_statements": 312, "percent_covered": 6.410256410256411, "percent_covered_display": "6", "missing_lines": 292, "excluded_lines": 0, "percent_statements_covered": 6.410256410256411, "percent_statements_covered_display": "6"}, "missing_lines": [111, 112, 117, 125, 126, 127, 129, 130, 131, 133, 134, 135, 139, 140, 141, 142, 150, 153, 154, 158, 160, 161, 162, 163, 165, 166, 167, 170, 171, 172, 173, 176, 177, 179, 180, 184, 187, 188, 190, 192, 193, 196, 198, 200, 201, 202, 203, 204, 207, 210, 211, 212, 218, 219, 220, 222, 224, 227, 229, 231, 232, 233, 234, 235, 237, 239, 247, 248, 249, 250, 251, 252, 253, 255, 258, 260, 261, 262, 266, 267, 268, 269, 272, 273, 274, 275, 276, 290, 292, 294, 295, 297, 300, 303, 306, 307, 310, 317, 324, 325, 326, 328, 331, 332, 333, 334, 336, 338, 339, 340, 342, 345, 346, 347, 348, 351, 352, 353, 354, 355, 357, 359, 360, 362, 365, 368, 372, 373, 374, 376, 377, 378, 379, 380, 381, 384, 385, 387, 388, 389, 390, 392, 394, 395, 396, 397, 398, 399, 401, 403, 405, 406, 407, 408, 409, 410, 411, 414, 415, 416, 418, 431, 433, 434, 435, 436, 437, 438, 439, 441, 442, 443, 444, 445, 446, 447, 449, 450, 451, 455, 460, 465, 466, 468, 469, 471, 473, 474, 476, 478, 480, 481, 483, 485, 487, 488, 492, 497, 498, 500, 502, 503, 504, 505, 506, 507, 508, 509, 510, 513, 514, 534, 536, 538, 540, 541, 544, 545, 546, 547, 549, 552, 554, 556, 557, 558, 559, 560, 561, 563, 564, 566, 568, 570, 572, 574, 577, 578, 579, 580, 581, 583, 584, 586, 592, 593, 594, 596, 597, 599, 600, 604, 605, 606, 608, 610, 625, 626, 627, 628, 629, 631, 633, 639, 641, 642, 644, 646, 649, 650, 652, 653, 655, 657, 658, 660, 665, 667, 670, 671, 672, 673, 676, 677, 678, 680, 687, 688, 689, 691, 692, 693], "excluded_lines": [], "start_line": 95}, "": {"executed_lines": [1, 2, 3, 4, 5, 6, 7, 8, 9, 10, 11, 12, 13, 14, 15, 18, 26, 32, 61, 73, 95, 96, 104, 119, 319, 370, 420], "summary": {"covered_lines": 27, "num_statements": 27, "percent_covered": 100.0, "percent_covered_display": "100", "missing_lines": 0, "excluded_lines": 0, "percent_statements_covered": 100.0, "percent_statements_covered_display": "100"}, "missing_lines": [], "excluded_lines": [], "start_line": 1}}}, "src/fairway/schema_pipeline.py": {"executed_lines": [], "summary": {"covered_lines": 0, "num_statements": 55, "percent_covered": 0.0, "percent_covered_display": "0", "missing_lines": 55, "excluded_lines": 0, "percent_statements_covered": 0.0, "percent_statements_covered_display": "0"}, "missing_lines": [1, 2, 3, 4, 5, 6, 9, 18, 19, 20, 22, 31, 41, 44, 45, 47, 53, 56, 57, 59, 60, 61, 66, 67, 70, 71, 73, 74, 80, 87, 93, 96, 103, 104, 105, 106, 107, 110, 111, 112, 113, 115, 119, 122, 123, 124, 125, 126, 127, 130, 131, 133, 134, 137, 139], "excluded_lines": [], "functions": {"_get_metadata_columns_from_pattern": {"executed_lines": [], "summary": {"covered_lines": 0, "num_statements": 3, "percent_covered": 0.0, "percent_covered_display": "0", "missing_lines": 3, "excluded_lines": 0, "percent_statements_covered": 0.0, "percent_statements_covered_display": "0"}, "missing_lines": [18, 19, 20], "excluded_lines": [], "start_line": 9}, "SchemaDiscoveryPipeline.run_inference": {"executed_lines": [], "summary": {"covered_lines": 0, "num_statements": 43, "percent_covered": 0.0, "percent_covered_display": "0", "missing_lines": 43, "excluded_lines": 0, "percent_statements_covered": 0.0, "percent_statements_covered_display": "0"}, "missing_lines": [41, 44, 45, 47, 53, 56, 57, 59, 60, 61, 66, 67, 70, 71, 73, 74, 80, 87, 93, 96, 103, 104, 105, 106, 107, 110, 111, 112, 113, 115, 119, 122, 123, 124, 125, 126, 127, 130, 131, 133, 134, 137, 139], "excluded_lines": [], "start_line": 31}, "": {"executed_lines": [], "summary": {"covered_lines": 0, "num_statements": 9, "percent_covered": 0.0, "percent_covered_display": "0", "missing_lines": 9, "excluded_lines": 0, "percent_statements_covered": 0.0, "percent_statements_covered_display": "0"}, "missing_lines": [1, 2, 3, 4, 5, 6, 9, 22, 31], "excluded_lines": [], "start_line": 1}}, "classes": {"SchemaDiscoveryPipeline": {"executed_lines": [], "summary": {"covered_lines": 0, "num_statements": 43, "percent_covered": 0.0, "percent_covered_display": "0", "missing_lines": 43, "excluded_lines": 0, "percent_statements_covered": 0.0, "percent_statements_covered_display": "0"}, "missing_lines": [41, 44, 45, 47, 53, 56, 57, 59, 60, 61, 66, 67, 70, 71, 73, 74, 80, 87, 93, 96, 103, 104, 105, 106, 107, 110, 111, 112, 113, 115, 119, 122, 123, 124, 125, 126, 127, 130, 131, 133, 134, 137, 139], "excluded_lines": [], "start_line": 22}, "": {"executed_lines": [], "summary": {"covered_lines": 0, "num_statements": 12, "percent_covered": 0.0, "percent_covered_display": "0", "missing_lines": 12, "excluded_lines": 0, "percent_statements_covered": 0.0, "percent_statements_covered_display": "0"}, "missing_lines": [1, 2, 3, 4, 5, 6, 9, 18, 19, 20, 22, 31], "excluded_lines": [], "start_line": 1}}}, "src/fairway/summarize.py": {"executed_lines": [1, 2, 3, 5, 6, 7, 37, 38, 42, 44, 47, 48, 49, 55, 58, 61, 62, 63, 64, 69, 71, 72], "summary": {"covered_lines": 22, "num_statements": 39, "percent_covered": 56.41025641025641, "percent_covered_display": "56", "missing_lines": 17, "excluded_lines": 0, "percent_statements_covered": 56.41025641025641, "percent_statements_covered_display": "56"}, "missing_lines": [11, 12, 13, 14, 16, 23, 24, 31, 33, 34, 35, 65, 66, 76, 89, 90, 91], "excluded_lines": [], "functions": {"Summarizer.generate_summary_table": {"executed_lines": [], "summary": {"covered_lines": 0, "num_statements": 11, "percent_covered": 0.0, "percent_covered_display": "0", "missing_lines": 11, "excluded_lines": 0, "percent_statements_covered": 0.0, "percent_statements_covered_display": "0"}, "missing_lines": [11, 12, 13, 14, 16, 23, 24, 31, 33, 34, 35], "excluded_lines": [], "start_line": 7}, "Summarizer.generate_summary_spark": {"executed_lines": [42, 44, 47, 48, 49, 55, 58, 61, 62, 63, 64, 69], "summary": {"covered_lines": 12, "num_statements": 14, "percent_covered": 85.71428571428571, "percent_covered_display": "86", "missing_lines": 2, "excluded_lines": 0, "percent_statements_covered": 85.71428571428571, "percent_statements_covered_display": "86"}, "missing_lines": [65, 66], "excluded_lines": [], "start_line": 38}, "Summarizer.generate_markdown_report": {"executed_lines": [], "summary": {"covered_lines": 0, "num_statements": 4, "percent_covered": 0.0, "percent_covered_display": "0", "missing_lines": 4, "excluded_lines": 0, "percent_statements_covered": 0.0, "percent_statements_covered_display": "0"}, "missing_lines": [76, 89, 90, 91], "excluded_lines": [], "start_line": 72}, "": {"executed_lines": [1, 2, 3, 5, 6, 7, 37, 38, 71, 72], "summary": {"covered_lines": 10, "num_statements": 10, "percent_covered": 100.0, "percent_covered_display": "100", "missing_lines": 0, "excluded_lines": 0, "percent_statements_covered": 100.0, "percent_statements_covered_display": "100"}, "missing_lines": [], "excluded_lines": [], "start_line": 1}}, "classes": {"Summarizer": {"executed_lines": [42, 44, 47, 48, 49, 55, 58, 61, 62, 63, 64, 69], "summary": {"covered_lines": 12, "num_statements": 29, "percent_covered": 41.37931034482759, "percent_covered_display": "41", "missing_lines": 17, "excluded_lines": 0, "percent_statements_covered": 41.37931034482759, "percent_statements_covered_display": "41"}, "missing_lines": [11, 12, 13, 14, 16, 23, 24, 31, 33, 34, 35, 65, 66, 76, 89, 90, 91], "excluded_lines": [], "start_line": 5}, "": {"executed_lines": [1, 2, 3, 5, 6, 7, 37, 38, 71, 72], "summary": {"covered_lines": 10, "num_statements": 10, "percent_covered": 100.0, "percent_covered_display": "100", "missing_lines": 0, "excluded_lines": 0, "percent_statements_covered": 100.0, "percent_statements_covered_display": "100"}, "missing_lines": [], "excluded_lines": [], "start_line": 1}}}, "src/fairway/templates.py": {"executed_lines": [], "summary": {"covered_lines": 0, "num_statements": 32, "percent_covered": 0.0, "percent_covered_display": "0", "missing_lines": 32, "excluded_lines": 0, "percent_statements_covered": 0.0, "percent_statements_covered_display": "0"}, "missing_lines": [1, 2, 4, 14, 15, 16, 18, 20, 22, 23, 24, 26, 27, 28, 29, 30, 31, 32, 33, 34, 36, 37, 38, 39, 40, 41, 42, 44, 45, 46, 47, 48], "excluded_lines": [], "functions": {"_read_data_file": {"executed_lines": [], "summary": {"covered_lines": 0, "num_statements": 12, "percent_covered": 0.0, "percent_covered_display": "0", "missing_lines": 12, "excluded_lines": 0, "percent_statements_covered": 0.0, "percent_statements_covered_display": "0"}, "missing_lines": [22, 23, 24, 26, 27, 28, 29, 30, 31, 32, 33, 34], "excluded_lines": [], "start_line": 20}, "": {"executed_lines": [], "summary": {"covered_lines": 0, "num_statements": 20, "percent_covered": 0.0, "percent_covered_display": "0", "missing_lines": 20, "excluded_lines": 0, "percent_statements_covered": 0.0, "percent_statements_covered_display": "0"}, "missing_lines": [1, 2, 4, 14, 15, 16, 18, 20, 36, 37, 38, 39, 40, 41, 42, 44, 45, 46, 47, 48], "excluded_lines": [], "start_line": 1}}, "classes": {"": {"executed_lines": [], "summary": {"covered_lines": 0, "num_statements": 32, "percent_covered": 0.0, "percent_covered_display": "0", "missing_lines": 32, "excluded_lines": 0, "percent_statements_covered": 0.0, "percent_statements_covered_display": "0"}, "missing_lines": [1, 2, 4, 14, 15, 16, 18, 20, 22, 23, 24, 26, 27, 28, 29, 30, 31, 32, 33, 34, 36, 37, 38, 39, 40, 41, 42, 44, 45, 46, 47, 48], "excluded_lines": [], "start_line": 1}}}, "src/fairway/transformations/base.py": {"executed_lines": [1, 3, 6, 7, 9, 11, 13, 15, 16, 18, 20, 21, 22, 23, 25, 27, 28, 29, 30], "summary": {"covered_lines": 19, "num_statements": 19, "percent_covered": 100.0, "percent_covered_display": "100", "missing_lines": 0, "excluded_lines": 0, "percent_statements_covered": 100.0, "percent_statements_covered_display": "100"}, "missing_lines": [], "excluded_lines": [], "functions": {"BaseTransformer.__init__": {"executed_lines": [7], "summary": {"covered_lines": 1, "num_statements": 1, "percent_covered": 100.0, "percent_covered_display": "100", "missing_lines": 0, "excluded_lines": 0, "percent_statements_covered": 100.0, "percent_statements_covered_display": "100"}, "missing_lines": [], "excluded_lines": [], "start_line": 6}, "BaseTransformer.transform": {"executed_lines": [11], "summary": {"covered_lines": 1, "num_statements": 1, "percent_covered": 100.0, "percent_covered_display": "100", "missing_lines": 0, "excluded_lines": 0, "percent_statements_covered": 100.0, "percent_statements_covered_display": "100"}, "missing_lines": [], "excluded_lines": [], "start_line": 9}, "BaseTransformer.rename_columns": {"executed_lines": [15, 16], "summary": {"covered_lines": 2, "num_statements": 2, "percent_covered": 100.0, "percent_covered_display": "100", "missing_lines": 0, "excluded_lines": 0, "percent_statements_covered": 100.0, "percent_statements_covered_display": "100"}, "missing_lines": [], "excluded_lines": [], "start_line": 13}, "BaseTransformer.cast_types": {"executed_lines": [20, 21, 22, 23], "summary": {"covered_lines": 4, "num_statements": 4, "percent_covered": 100.0, "percent_covered_display": "100", "missing_lines": 0, "excluded_lines": 0, "percent_statements_covered": 100.0, "percent_statements_covered_display": "100"}, "missing_lines": [], "excluded_lines": [], "start_line": 18}, "BaseTransformer.clean_strings": {"executed_lines": [27, 28, 29, 30], "summary": {"covered_lines": 4, "num_statements": 4, "percent_covered": 100.0, "percent_covered_display": "100", "missing_lines": 0, "excluded_lines": 0, "percent_statements_covered": 100.0, "percent_statements_covered_display": "100"}, "missing_lines": [], "excluded_lines": [], "start_line": 25}, "": {"executed_lines": [1, 3, 6, 9, 13, 18, 25], "summary": {"covered_lines": 7, "num_statements": 7, "percent_covered": 100.0, "percent_covered_display": "100", "missing_lines": 0, "excluded_lines": 0, "percent_statements_covered": 100.0, "percent_statements_covered_display": "100"}, "missing_lines": [], "excluded_lines": [], "start_line": 1}}, "classes": {"BaseTransformer": {"executed_lines": [7, 11, 15, 16, 20, 21, 22, 23, 27, 28, 29, 30], "summary": {"covered_lines": 12, "num_statements": 12, "percent_covered": 100.0, "percent_covered_display": "100", "missing_lines": 0, "excluded_lines": 0, "percent_statements_covered": 100.0, "percent_statements_covered_display": "100"}, "missing_lines": [], "excluded_lines": [], "start_line": 3}, "": {"executed_lines": [1, 3, 6, 9, 13, 18, 25], "summary": {"covered_lines": 7, "num_statements": 7, "percent_covered": 100.0, "percent_covered_display": "100", "missing_lines": 0, "excluded_lines": 0, "percent_statements_covered": 100.0, "percent_statements_covered_display": "100"}, "missing_lines": [], "excluded_lines": [], "start_line": 1}}}, "src/fairway/transformations/registry.py": {"executed_lines": [1, 2, 3, 5, 7, 8, 9, 11, 12, 13, 14, 15, 19, 20, 21, 22, 24], "summary": {"covered_lines": 17, "num_statements": 17, "percent_covered": 100.0, "percent_covered_display": "100", "missing_lines": 0, "excluded_lines": 0, "percent_statements_covered": 100.0, "percent_statements_covered_display": "100"}, "missing_lines": [], "excluded_lines": [], "functions": {"load_transformer": {"executed_lines": [7, 8, 9, 11, 12, 13, 14, 15, 19, 20, 21, 22, 24], "summary": {"covered_lines": 13, "num_statements": 13, "percent_covered": 100.0, "percent_covered_display": "100", "missing_lines": 0, "excluded_lines": 0, "percent_statements_covered": 100.0, "percent_statements_covered_display": "100"}, "missing_lines": [], "excluded_lines": [], "start_line": 5}, "": {"executed_lines": [1, 2, 3, 5], "summary": {"covered_lines": 4, "num_statements": 4, "percent_covered": 100.0, "percent_covered_display": "100", "missing_lines": 0, "excluded_lines": 0, "percent_statements_covered": 100.0, "percent_statements_covered_display": "100"}, "missing_lines": [], "excluded_lines": [], "start_line": 1}}, "classes": {"": {"executed_lines": [1, 2, 3, 5, 7, 8, 9, 11, 12, 13, 14, 15, 19, 20, 21, 22, 24], "summary": {"covered_lines": 17, "num_statements": 17, "percent_covered": 100.0, "percent_covered_display": "100", "missing_lines": 0, "excluded_lines": 0, "percent_statements_covered": 100.0, "percent_statements_covered_display": "100"}, "missing_lines": [], "excluded_lines": [], "start_line": 1}}}, "src/fairway/validations/checks.py": {"executed_lines": [1, 3, 4, 5, 9, 10, 12, 13, 14, 16, 18, 22, 23, 25, 26, 27, 28, 29, 31, 33, 34, 38, 39, 41, 42, 43, 44, 46, 48, 49, 53, 54, 55, 57, 58, 61, 62, 63, 64, 65, 67], "summary": {"covered_lines": 41, "num_statements": 41, "percent_covered": 100.0, "percent_covered_display": "100", "missing_lines": 0, "excluded_lines": 0, "percent_statements_covered": 100.0, "percent_statements_covered_display": "100"}, "missing_lines": [], "excluded_lines": [], "functions": {"Validator.level1_check": {"executed_lines": [9, 10, 12, 13, 14, 16], "summary": {"covered_lines": 6, "num_statements": 6, "percent_covered": 100.0, "percent_covered_display": "100", "missing_lines": 0, "excluded_lines": 0, "percent_statements_covered": 100.0, "percent_statements_covered_display": "100"}, "missing_lines": [], "excluded_lines": [], "start_line": 5}, "Validator.level2_check": {"executed_lines": [22, 23, 25, 26, 27, 28, 29, 31], "summary": {"covered_lines": 8, "num_statements": 8, "percent_covered": 100.0, "percent_covered_display": "100", "missing_lines": 0, "excluded_lines": 0, "percent_statements_covered": 100.0, "percent_statements_covered_display": "100"}, "missing_lines": [], "excluded_lines": [], "start_line": 18}, "Validator.level1_check_spark": {"executed_lines": [38, 39, 41, 42, 43, 44, 46], "summary": {"covered_lines": 7, "num_statements": 7, "percent_covered": 100.0, "percent_covered_display": "100", "missing_lines": 0, "excluded_lines": 0, "percent_statements_covered": 100.0, "percent_statements_covered_display": "100"}, "missing_lines": [], "excluded_lines": [], "start_line": 34}, "Validator.level2_check_spark": {"executed_lines": [53, 54, 55, 57, 58, 61, 62, 63, 64, 65, 67], "summary": {"covered_lines": 11, "num_statements": 11, "percent_covered": 100.0, "percent_covered_display": "100", "missing_lines": 0, "excluded_lines": 0, "percent_statements_covered": 100.0, "percent_statements_covered_display": "100"}, "missing_lines": [], "excluded_lines": [], "start_line": 49}, "": {"executed_lines": [1, 3, 4, 5, 18, 33, 34, 48, 49], "summary": {"covered_lines": 9, "num_statements": 9, "percent_covered": 100.0, "percent_covered_display": "100", "missing_lines": 0, "excluded_lines": 0, "percent_statements_covered": 100.0, "percent_statements_covered_display": "100"}, "missing_lines": [], "excluded_lines": [], "start_line": 1}}, "classes": {"Validator": {"executed_lines": [9, 10, 12, 13, 14, 16, 22, 23, 25, 26, 27, 28, 29, 31, 38, 39, 41, 42, 43, 44, 46, 53, 54, 55, 57, 58, 61, 62, 63, 64, 65, 67], "summary": {"covered_lines": 32, "num_statements": 32, "percent_covered": 100.0, "percent_covered_display": "100", "missing_lines": 0, "excluded_lines": 0, "percent_statements_covered": 100.0, "percent_statements_covered_display": "100"}, "missing_lines": [], "excluded_lines": [], "start_line": 3}, "": {"executed_lines": [1, 3, 4, 5, 18, 33, 34, 48, 49], "summary": {"covered_lines": 9, "num_statements": 9, "percent_covered": 100.0, "percent_covered_display": "100", "missing_lines": 0, "excluded_lines": 0, "percent_statements_covered": 100.0, "percent_statements_covered_display": "100"}, "missing_lines": [], "excluded_lines": [], "start_line": 1}}}}, "totals": {"covered_lines": 1120, "num_statements": 2327, "percent_covered": 48.13064030941126, "percent_covered_display": "48", "missing_lines": 1207, "excluded_lines": 0, "percent_statements_covered": 48.13064030941126, "percent_statements_covered_display": "48"}}